CRITICAL - 2022-12-05 08:30:17 --> Undefined variable $judul_halaman
in APPPATH\Views\template.php on line 8.
 1 APPPATH\Views\template.php(8): CodeIgniter\Debug\Exceptions->errorHandler(2, 'Undefined variable $judul_halaman', 'APPPATH\\Views\\template.php', 8)
 2 SYSTEMPATH\View\View.php(213): include('APPPATH\\Views\\template.php')
 3 SYSTEMPATH\View\View.php(216): CodeIgniter\View\View->CodeIgniter\View\{closure}()
 4 SYSTEMPATH\View\View.php(229): CodeIgniter\View\View->render('FCPATH\\template', [], true)
 5 SYSTEMPATH\Common.php(1134): CodeIgniter\View\View->render('pages/DaftarLayanan', [], true)
 6 APPPATH\Controllers\Pages.php(15): view('pages/DaftarLayanan')
 7 SYSTEMPATH\CodeIgniter.php(927): App\Controllers\Pages->layanan()
 8 SYSTEMPATH\CodeIgniter.php(482): CodeIgniter\CodeIgniter->runController(Object(App\Controllers\Pages))
 9 SYSTEMPATH\CodeIgniter.php(351): CodeIgniter\CodeIgniter->handleRequest(null, Object(Config\Cache), false)
10 FCPATH\index.php(67): CodeIgniter\CodeIgniter->run()
CRITICAL - 2022-12-05 08:30:19 --> Undefined variable $judul_halaman
in APPPATH\Views\template.php on line 8.
 1 APPPATH\Views\template.php(8): CodeIgniter\Debug\Exceptions->errorHandler(2, 'Undefined variable $judul_halaman', 'APPPATH\\Views\\template.php', 8)
 2 SYSTEMPATH\View\View.php(213): include('APPPATH\\Views\\template.php')
 3 SYSTEMPATH\View\View.php(216): CodeIgniter\View\View->CodeIgniter\View\{closure}()
 4 SYSTEMPATH\View\View.php(229): CodeIgniter\View\View->render('FCPATH\\template', [], true)
 5 SYSTEMPATH\Common.php(1134): CodeIgniter\View\View->render('pages/TentangKami', [], true)
 6 APPPATH\Controllers\Pages.php(30): view('pages/TentangKami')
 7 SYSTEMPATH\CodeIgniter.php(927): App\Controllers\Pages->about()
 8 SYSTEMPATH\CodeIgniter.php(482): CodeIgniter\CodeIgniter->runController(Object(App\Controllers\Pages))
 9 SYSTEMPATH\CodeIgniter.php(351): CodeIgniter\CodeIgniter->handleRequest(null, Object(Config\Cache), false)
10 FCPATH\index.php(67): CodeIgniter\CodeIgniter->run()
CRITICAL - 2022-12-05 08:30:40 --> Undefined variable $judul_halaman
in APPPATH\Views\template.php on line 8.
 1 APPPATH\Views\template.php(8): CodeIgniter\Debug\Exceptions->errorHandler(2, 'Undefined variable $judul_halaman', 'APPPATH\\Views\\template.php', 8)
 2 SYSTEMPATH\View\View.php(213): include('APPPATH\\Views\\template.php')
 3 SYSTEMPATH\View\View.php(216): CodeIgniter\View\View->CodeIgniter\View\{closure}()
 4 SYSTEMPATH\View\View.php(229): CodeIgniter\View\View->render('FCPATH\\template', [], true)
 5 SYSTEMPATH\Common.php(1134): CodeIgniter\View\View->render('pages/Beranda', [], true)
 6 APPPATH\Controllers\Pages.php(10): view('pages/Beranda')
 7 SYSTEMPATH\CodeIgniter.php(927): App\Controllers\Pages->index()
 8 SYSTEMPATH\CodeIgniter.php(482): CodeIgniter\CodeIgniter->runController(Object(App\Controllers\Pages))
 9 SYSTEMPATH\CodeIgniter.php(351): CodeIgniter\CodeIgniter->handleRequest(null, Object(Config\Cache), false)
10 FCPATH\index.php(67): CodeIgniter\CodeIgniter->run()
CRITICAL - 2022-12-05 08:30:43 --> Undefined variable $judul_halaman
in APPPATH\Views\template.php on line 8.
 1 APPPATH\Views\template.php(8): CodeIgniter\Debug\Exceptions->errorHandler(2, 'Undefined variable $judul_halaman', 'APPPATH\\Views\\template.php', 8)
 2 SYSTEMPATH\View\View.php(213): include('APPPATH\\Views\\template.php')
 3 SYSTEMPATH\View\View.php(216): CodeIgniter\View\View->CodeIgniter\View\{closure}()
 4 SYSTEMPATH\View\View.php(229): CodeIgniter\View\View->render('FCPATH\\template', [], true)
 5 SYSTEMPATH\Common.php(1134): CodeIgniter\View\View->render('pages/Kontak', [], true)
 6 APPPATH\Controllers\Pages.php(25): view('pages/Kontak')
 7 SYSTEMPATH\CodeIgniter.php(927): App\Controllers\Pages->kontak()
 8 SYSTEMPATH\CodeIgniter.php(482): CodeIgniter\CodeIgniter->runController(Object(App\Controllers\Pages))
 9 SYSTEMPATH\CodeIgniter.php(351): CodeIgniter\CodeIgniter->handleRequest(null, Object(Config\Cache), false)
10 FCPATH\index.php(67): CodeIgniter\CodeIgniter->run()
CRITICAL - 2022-12-05 08:30:43 --> Undefined variable $judul_halaman
in APPPATH\Views\template.php on line 8.
 1 APPPATH\Views\template.php(8): CodeIgniter\Debug\Exceptions->errorHandler(2, 'Undefined variable $judul_halaman', 'APPPATH\\Views\\template.php', 8)
 2 SYSTEMPATH\View\View.php(213): include('APPPATH\\Views\\template.php')
 3 SYSTEMPATH\View\View.php(216): CodeIgniter\View\View->CodeIgniter\View\{closure}()
 4 SYSTEMPATH\View\View.php(229): CodeIgniter\View\View->render('FCPATH\\template', [], true)
 5 SYSTEMPATH\Common.php(1134): CodeIgniter\View\View->render('pages/Booking', [], true)
 6 APPPATH\Controllers\Pages.php(20): view('pages/Booking')
 7 SYSTEMPATH\CodeIgniter.php(927): App\Controllers\Pages->booking()
 8 SYSTEMPATH\CodeIgniter.php(482): CodeIgniter\CodeIgniter->runController(Object(App\Controllers\Pages))
 9 SYSTEMPATH\CodeIgniter.php(351): CodeIgniter\CodeIgniter->handleRequest(null, Object(Config\Cache), false)
10 FCPATH\index.php(67): CodeIgniter\CodeIgniter->run()
CRITICAL - 2022-12-05 08:30:47 --> Undefined variable $judul_halaman
in APPPATH\Views\template.php on line 8.
 1 APPPATH\Views\template.php(8): CodeIgniter\Debug\Exceptions->errorHandler(2, 'Undefined variable $judul_halaman', 'APPPATH\\Views\\template.php', 8)
 2 SYSTEMPATH\View\View.php(213): include('APPPATH\\Views\\template.php')
 3 SYSTEMPATH\View\View.php(216): CodeIgniter\View\View->CodeIgniter\View\{closure}()
 4 SYSTEMPATH\View\View.php(229): CodeIgniter\View\View->render('FCPATH\\template', [], true)
 5 SYSTEMPATH\Common.php(1134): CodeIgniter\View\View->render('pages/Beranda', [], true)
 6 APPPATH\Controllers\Pages.php(10): view('pages/Beranda')
 7 SYSTEMPATH\CodeIgniter.php(927): App\Controllers\Pages->index()
 8 SYSTEMPATH\CodeIgniter.php(482): CodeIgniter\CodeIgniter->runController(Object(App\Controllers\Pages))
 9 SYSTEMPATH\CodeIgniter.php(351): CodeIgniter\CodeIgniter->handleRequest(null, Object(Config\Cache), false)
10 FCPATH\index.php(67): CodeIgniter\CodeIgniter->run()
CRITICAL - 2022-12-05 08:30:50 --> Undefined variable $judul_halaman
in APPPATH\Views\template.php on line 8.
 1 APPPATH\Views\template.php(8): CodeIgniter\Debug\Exceptions->errorHandler(2, 'Undefined variable $judul_halaman', 'APPPATH\\Views\\template.php', 8)
 2 SYSTEMPATH\View\View.php(213): include('APPPATH\\Views\\template.php')
 3 SYSTEMPATH\View\View.php(216): CodeIgniter\View\View->CodeIgniter\View\{closure}()
 4 SYSTEMPATH\View\View.php(229): CodeIgniter\View\View->render('FCPATH\\template', [], true)
 5 SYSTEMPATH\Common.php(1134): CodeIgniter\View\View->render('pages/Beranda', [], true)
 6 APPPATH\Controllers\Pages.php(10): view('pages/Beranda')
 7 SYSTEMPATH\CodeIgniter.php(927): App\Controllers\Pages->index()
 8 SYSTEMPATH\CodeIgniter.php(482): CodeIgniter\CodeIgniter->runController(Object(App\Controllers\Pages))
 9 SYSTEMPATH\CodeIgniter.php(351): CodeIgniter\CodeIgniter->handleRequest(null, Object(Config\Cache), false)
10 FCPATH\index.php(67): CodeIgniter\CodeIgniter->run()
CRITICAL - 2022-12-05 08:32:56 --> Undefined variable $title
in APPPATH\Views\template.php on line 8.
 1 APPPATH\Views\template.php(8): CodeIgniter\Debug\Exceptions->errorHandler(2, 'Undefined variable $title', 'APPPATH\\Views\\template.php', 8)
 2 SYSTEMPATH\View\View.php(213): include('APPPATH\\Views\\template.php')
 3 SYSTEMPATH\View\View.php(216): CodeIgniter\View\View->CodeIgniter\View\{closure}()
 4 SYSTEMPATH\View\View.php(229): CodeIgniter\View\View->render('FCPATH\\template', [], true)
 5 SYSTEMPATH\Common.php(1134): CodeIgniter\View\View->render('pages/Beranda', [], true)
 6 APPPATH\Controllers\Pages.php(10): view('pages/Beranda')
 7 SYSTEMPATH\CodeIgniter.php(927): App\Controllers\Pages->index()
 8 SYSTEMPATH\CodeIgniter.php(482): CodeIgniter\CodeIgniter->runController(Object(App\Controllers\Pages))
 9 SYSTEMPATH\CodeIgniter.php(351): CodeIgniter\CodeIgniter->handleRequest(null, Object(Config\Cache), false)
10 FCPATH\index.php(67): CodeIgniter\CodeIgniter->run()
CRITICAL - 2022-12-05 08:33:02 --> Undefined variable $title
in APPPATH\Views\template.php on line 8.
 1 APPPATH\Views\template.php(8): CodeIgniter\Debug\Exceptions->errorHandler(2, 'Undefined variable $title', 'APPPATH\\Views\\template.php', 8)
 2 SYSTEMPATH\View\View.php(213): include('APPPATH\\Views\\template.php')
 3 SYSTEMPATH\View\View.php(216): CodeIgniter\View\View->CodeIgniter\View\{closure}()
 4 SYSTEMPATH\View\View.php(229): CodeIgniter\View\View->render('FCPATH\\template', [], true)
 5 SYSTEMPATH\Common.php(1134): CodeIgniter\View\View->render('pages/Beranda', [], true)
 6 APPPATH\Controllers\Pages.php(10): view('pages/Beranda')
 7 SYSTEMPATH\CodeIgniter.php(927): App\Controllers\Pages->index()
 8 SYSTEMPATH\CodeIgniter.php(482): CodeIgniter\CodeIgniter->runController(Object(App\Controllers\Pages))
 9 SYSTEMPATH\CodeIgniter.php(351): CodeIgniter\CodeIgniter->handleRequest(null, Object(Config\Cache), false)
10 FCPATH\index.php(67): CodeIgniter\CodeIgniter->run()
CRITICAL - 2022-12-05 08:33:07 --> Undefined variable $title
in APPPATH\Views\template.php on line 8.
 1 APPPATH\Views\template.php(8): CodeIgniter\Debug\Exceptions->errorHandler(2, 'Undefined variable $title', 'APPPATH\\Views\\template.php', 8)
 2 SYSTEMPATH\View\View.php(213): include('APPPATH\\Views\\template.php')
 3 SYSTEMPATH\View\View.php(216): CodeIgniter\View\View->CodeIgniter\View\{closure}()
 4 SYSTEMPATH\View\View.php(229): CodeIgniter\View\View->render('FCPATH\\template', [], true)
 5 SYSTEMPATH\Common.php(1134): CodeIgniter\View\View->render('pages/Beranda', [], true)
 6 APPPATH\Controllers\Pages.php(10): view('pages/Beranda')
 7 SYSTEMPATH\CodeIgniter.php(927): App\Controllers\Pages->index()
 8 SYSTEMPATH\CodeIgniter.php(482): CodeIgniter\CodeIgniter->runController(Object(App\Controllers\Pages))
 9 SYSTEMPATH\CodeIgniter.php(351): CodeIgniter\CodeIgniter->handleRequest(null, Object(Config\Cache), false)
10 FCPATH\index.php(67): CodeIgniter\CodeIgniter->run()
CRITICAL - 2022-12-05 08:33:57 --> Undefined variable $title
in APPPATH\Views\template.php on line 8.
 1 APPPATH\Views\template.php(8): CodeIgniter\Debug\Exceptions->errorHandler(2, 'Undefined variable $title', 'APPPATH\\Views\\template.php', 8)
 2 SYSTEMPATH\View\View.php(213): include('APPPATH\\Views\\template.php')
 3 SYSTEMPATH\View\View.php(216): CodeIgniter\View\View->CodeIgniter\View\{closure}()
 4 SYSTEMPATH\View\View.php(229): CodeIgniter\View\View->render('FCPATH\\template', [], true)
 5 SYSTEMPATH\Common.php(1134): CodeIgniter\View\View->render('pages/DaftarLayanan', [], true)
 6 APPPATH\Controllers\Pages.php(15): view('pages/DaftarLayanan')
 7 SYSTEMPATH\CodeIgniter.php(927): App\Controllers\Pages->layanan()
 8 SYSTEMPATH\CodeIgniter.php(482): CodeIgniter\CodeIgniter->runController(Object(App\Controllers\Pages))
 9 SYSTEMPATH\CodeIgniter.php(351): CodeIgniter\CodeIgniter->handleRequest(null, Object(Config\Cache), false)
10 FCPATH\index.php(67): CodeIgniter\CodeIgniter->run()
CRITICAL - 2022-12-05 08:34:36 --> Unclosed '{' on line 6
in APPPATH\Controllers\Pages.php on line 33.
 1 SYSTEMPATH\Router\Router.php(499): CodeIgniter\Router\AutoRouter->getRoute('/Pages/layanan')
 2 SYSTEMPATH\Router\Router.php(205): CodeIgniter\Router\Router->autoRoute('/Pages/layanan')
 3 SYSTEMPATH\CodeIgniter.php(802): CodeIgniter\Router\Router->handle('/Pages/layanan')
 4 SYSTEMPATH\CodeIgniter.php(430): CodeIgniter\CodeIgniter->tryToRouteIt(Object(CodeIgniter\Router\RouteCollection))
 5 SYSTEMPATH\CodeIgniter.php(351): CodeIgniter\CodeIgniter->handleRequest(null, Object(Config\Cache), false)
 6 FCPATH\index.php(67): CodeIgniter\CodeIgniter->run()
CRITICAL - 2022-12-05 08:34:41 --> Unclosed '{' on line 6
in APPPATH\Controllers\Pages.php on line 33.
 1 SYSTEMPATH\Autoloader\Autoloader.php(259): CodeIgniter\Autoloader\Autoloader->includeFile('APPPATH\\Controllers\\Pages.php')
 2 SYSTEMPATH\Autoloader\Autoloader.php(237): CodeIgniter\Autoloader\Autoloader->loadInNamespace('App\\Controllers\\Pages')
 3 [internal function]: CodeIgniter\Autoloader\Autoloader->loadClass('App\\Controllers\\Pages')
 4 SYSTEMPATH\CodeIgniter.php(877): class_exists('\\App\\Controllers\\Pages', true)
 5 SYSTEMPATH\CodeIgniter.php(469): CodeIgniter\CodeIgniter->startController()
 6 SYSTEMPATH\CodeIgniter.php(351): CodeIgniter\CodeIgniter->handleRequest(null, Object(Config\Cache), false)
 7 FCPATH\index.php(67): CodeIgniter\CodeIgniter->run()
CRITICAL - 2022-12-05 08:37:33 --> Undefined variable $title
in APPPATH\Views\template.php on line 8.
 1 APPPATH\Views\template.php(8): CodeIgniter\Debug\Exceptions->errorHandler(2, 'Undefined variable $title', 'APPPATH\\Views\\template.php', 8)
 2 SYSTEMPATH\View\View.php(213): include('APPPATH\\Views\\template.php')
 3 SYSTEMPATH\View\View.php(216): CodeIgniter\View\View->CodeIgniter\View\{closure}()
 4 SYSTEMPATH\View\View.php(229): CodeIgniter\View\View->render('FCPATH\\template', [], true)
 5 SYSTEMPATH\Common.php(1134): CodeIgniter\View\View->render('pages/Beranda', [], true)
 6 APPPATH\Controllers\Pages.php(13): view('pages/Beranda')
 7 SYSTEMPATH\CodeIgniter.php(927): App\Controllers\Pages->index()
 8 SYSTEMPATH\CodeIgniter.php(482): CodeIgniter\CodeIgniter->runController(Object(App\Controllers\Pages))
 9 SYSTEMPATH\CodeIgniter.php(351): CodeIgniter\CodeIgniter->handleRequest(null, Object(Config\Cache), false)
10 FCPATH\index.php(67): CodeIgniter\CodeIgniter->run()
CRITICAL - 2022-12-05 11:33:54 --> Invalid file: template.php
in SYSTEMPATH\Exceptions\FrameworkException.php on line 33.
 1 SYSTEMPATH\View\View.php(201): CodeIgniter\Exceptions\FrameworkException::forInvalidFile('template.php')
 2 SYSTEMPATH\View\View.php(229): CodeIgniter\View\View->render('FCPATH\\template', [], true)
 3 SYSTEMPATH\Common.php(1134): CodeIgniter\View\View->render('pages/Beranda', [], true)
 4 APPPATH\Controllers\Pages.php(10): view('pages/Beranda', [...])
 5 SYSTEMPATH\CodeIgniter.php(927): App\Controllers\Pages->index()
 6 SYSTEMPATH\CodeIgniter.php(482): CodeIgniter\CodeIgniter->runController(Object(App\Controllers\Pages))
 7 SYSTEMPATH\CodeIgniter.php(351): CodeIgniter\CodeIgniter->handleRequest(null, Object(Config\Cache), false)
 8 FCPATH\index.php(67): CodeIgniter\CodeIgniter->run()
CRITICAL - 2022-12-05 11:36:16 --> Invalid file: template.php
in SYSTEMPATH\Exceptions\FrameworkException.php on line 33.
 1 SYSTEMPATH\View\View.php(201): CodeIgniter\Exceptions\FrameworkException::forInvalidFile('template.php')
 2 SYSTEMPATH\View\View.php(229): CodeIgniter\View\View->render('FCPATH\\template', [], true)
 3 SYSTEMPATH\Common.php(1134): CodeIgniter\View\View->render('pages/TentangKami', [], true)
 4 APPPATH\Controllers\Pages.php(30): view('pages/TentangKami', [...])
 5 SYSTEMPATH\CodeIgniter.php(927): App\Controllers\Pages->about()
 6 SYSTEMPATH\CodeIgniter.php(482): CodeIgniter\CodeIgniter->runController(Object(App\Controllers\Pages))
 7 SYSTEMPATH\CodeIgniter.php(351): CodeIgniter\CodeIgniter->handleRequest(null, Object(Config\Cache), false)
 8 FCPATH\index.php(67): CodeIgniter\CodeIgniter->run()
CRITICAL - 2022-12-05 22:38:07 --> Undefined array key "nama_layanan"
in APPPATH\Views\pages\DaftarLayanan.php on line 67.
 1 APPPATH\Views\pages\DaftarLayanan.php(67): CodeIgniter\Debug\Exceptions->errorHandler(2, 'Undefined array key "nama_layanan"', 'APPPATH\\Views\\pages\\DaftarLayanan.php', 67)
 2 SYSTEMPATH\View\View.php(213): include('APPPATH\\Views\\pages\\DaftarLayanan.php')
 3 SYSTEMPATH\View\View.php(216): CodeIgniter\View\View->CodeIgniter\View\{closure}()
 4 SYSTEMPATH\Common.php(1134): CodeIgniter\View\View->render('pages/DaftarLayanan', [], true)
 5 APPPATH\Controllers\Pages.php(28): view('pages/DaftarLayanan', [...])
 6 SYSTEMPATH\CodeIgniter.php(927): App\Controllers\Pages->layanan()
 7 SYSTEMPATH\CodeIgniter.php(482): CodeIgniter\CodeIgniter->runController(Object(App\Controllers\Pages))
 8 SYSTEMPATH\CodeIgniter.php(351): CodeIgniter\CodeIgniter->handleRequest(null, Object(Config\Cache), false)
 9 FCPATH\index.php(67): CodeIgniter\CodeIgniter->run()
