ERROR - 2022-12-22 18:16:50 --> mysqli_sql_exception: You have an error in your SQL syntax; check the manual that corresponds to your MariaDB server version for the right syntax to use near 'Nama, Tanggal_Booking, Jam_Booking, Catatan)
                     VALUES('',...' at line 1 in C:\xampp\htdocs\SalonUngu\system\Database\MySQLi\Connection.php:292
Stack trace:
#0 C:\xampp\htdocs\SalonUngu\system\Database\MySQLi\Connection.php(292): mysqli->query('INSERT INTO boo...', 0)
#1 C:\xampp\htdocs\SalonUngu\system\Database\BaseConnection.php(666): CodeIgniter\Database\MySQLi\Connection->execute('INSERT INTO boo...')
#2 C:\xampp\htdocs\SalonUngu\system\Database\BaseConnection.php(593): CodeIgniter\Database\BaseConnection->simpleQuery('INSERT INTO boo...')
#3 C:\xampp\htdocs\SalonUngu\app\Models\PenggunaModel.php(70): CodeIgniter\Database\BaseConnection->query('INSERT INTO boo...')
#4 C:\xampp\htdocs\SalonUngu\app\Controllers\Booking.php(39): App\Models\PenggunaModel->insertdatabooking()
#5 C:\xampp\htdocs\SalonUngu\system\CodeIgniter.php(927): App\Controllers\Booking->aksi_booking()
#6 C:\xampp\htdocs\SalonUngu\system\CodeIgniter.php(482): CodeIgniter\CodeIgniter->runController(Object(App\Controllers\Booking))
#7 C:\xampp\htdocs\SalonUngu\system\CodeIgniter.php(351): CodeIgniter\CodeIgniter->handleRequest(NULL, Object(Config\Cache), false)
#8 C:\xampp\htdocs\SalonUngu\index.php(67): CodeIgniter\CodeIgniter->run()
#9 {main}
CRITICAL - 2022-12-22 18:16:50 --> You have an error in your SQL syntax; check the manual that corresponds to your MariaDB server version for the right syntax to use near 'Nama, Tanggal_Booking, Jam_Booking, Catatan)
                     VALUES('',...' at line 1
in SYSTEMPATH\Database\MySQLi\Connection.php on line 292.
 1 SYSTEMPATH\Database\MySQLi\Connection.php(292): mysqli->query('INSERT INTO booking(id_pengguna, id_layanan Nama, Tanggal_Booking, Jam_Booking, Catatan)
                     VALUES(\'\',\'2\',\'Rafif\', \'2022-12-15\', \'08:19\', \'zx\')', 0)
 2 SYSTEMPATH\Database\BaseConnection.php(666): CodeIgniter\Database\MySQLi\Connection->execute('INSERT INTO booking(id_pengguna, id_layanan Nama, Tanggal_Booking, Jam_Booking, Catatan)
                     VALUES(\'\',\'2\',\'Rafif\', \'2022-12-15\', \'08:19\', \'zx\')')
 3 SYSTEMPATH\Database\BaseConnection.php(593): CodeIgniter\Database\BaseConnection->simpleQuery('INSERT INTO booking(id_pengguna, id_layanan Nama, Tanggal_Booking, Jam_Booking, Catatan)
                     VALUES(\'\',\'2\',\'Rafif\', \'2022-12-15\', \'08:19\', \'zx\')')
 4 APPPATH\Models\PenggunaModel.php(70): CodeIgniter\Database\BaseConnection->query('INSERT INTO booking(id_pengguna, id_layanan Nama, Tanggal_Booking, Jam_Booking, Catatan)
                     VALUES(\'\',\'2\',\'Rafif\', \'2022-12-15\', \'08:19\', \'zx\')')
 5 APPPATH\Controllers\Booking.php(39): App\Models\PenggunaModel->insertdatabooking()
 6 SYSTEMPATH\CodeIgniter.php(927): App\Controllers\Booking->aksi_booking()
 7 SYSTEMPATH\CodeIgniter.php(482): CodeIgniter\CodeIgniter->runController(Object(App\Controllers\Booking))
 8 SYSTEMPATH\CodeIgniter.php(351): CodeIgniter\CodeIgniter->handleRequest(null, Object(Config\Cache), false)
 9 FCPATH\index.php(67): CodeIgniter\CodeIgniter->run()
ERROR - 2022-12-22 18:17:15 --> mysqli_sql_exception: Unknown column 'id_pengguna' in 'field list' in C:\xampp\htdocs\SalonUngu\system\Database\MySQLi\Connection.php:292
Stack trace:
#0 C:\xampp\htdocs\SalonUngu\system\Database\MySQLi\Connection.php(292): mysqli->query('INSERT INTO boo...', 0)
#1 C:\xampp\htdocs\SalonUngu\system\Database\BaseConnection.php(666): CodeIgniter\Database\MySQLi\Connection->execute('INSERT INTO boo...')
#2 C:\xampp\htdocs\SalonUngu\system\Database\BaseConnection.php(593): CodeIgniter\Database\BaseConnection->simpleQuery('INSERT INTO boo...')
#3 C:\xampp\htdocs\SalonUngu\app\Models\PenggunaModel.php(70): CodeIgniter\Database\BaseConnection->query('INSERT INTO boo...')
#4 C:\xampp\htdocs\SalonUngu\app\Controllers\Booking.php(39): App\Models\PenggunaModel->insertdatabooking()
#5 C:\xampp\htdocs\SalonUngu\system\CodeIgniter.php(927): App\Controllers\Booking->aksi_booking()
#6 C:\xampp\htdocs\SalonUngu\system\CodeIgniter.php(482): CodeIgniter\CodeIgniter->runController(Object(App\Controllers\Booking))
#7 C:\xampp\htdocs\SalonUngu\system\CodeIgniter.php(351): CodeIgniter\CodeIgniter->handleRequest(NULL, Object(Config\Cache), false)
#8 C:\xampp\htdocs\SalonUngu\index.php(67): CodeIgniter\CodeIgniter->run()
#9 {main}
CRITICAL - 2022-12-22 18:17:15 --> Unknown column 'id_pengguna' in 'field list'
in SYSTEMPATH\Database\MySQLi\Connection.php on line 292.
 1 SYSTEMPATH\Database\MySQLi\Connection.php(292): mysqli->query('INSERT INTO booking(id_pengguna, id_layanan, Nama, Tanggal_Booking, Jam_Booking, Catatan)
                     VALUES(\'\',\'2\',\'Rafif\', \'2022-12-15\', \'08:19\', \'zx\')', 0)
 2 SYSTEMPATH\Database\BaseConnection.php(666): CodeIgniter\Database\MySQLi\Connection->execute('INSERT INTO booking(id_pengguna, id_layanan, Nama, Tanggal_Booking, Jam_Booking, Catatan)
                     VALUES(\'\',\'2\',\'Rafif\', \'2022-12-15\', \'08:19\', \'zx\')')
 3 SYSTEMPATH\Database\BaseConnection.php(593): CodeIgniter\Database\BaseConnection->simpleQuery('INSERT INTO booking(id_pengguna, id_layanan, Nama, Tanggal_Booking, Jam_Booking, Catatan)
                     VALUES(\'\',\'2\',\'Rafif\', \'2022-12-15\', \'08:19\', \'zx\')')
 4 APPPATH\Models\PenggunaModel.php(70): CodeIgniter\Database\BaseConnection->query('INSERT INTO booking(id_pengguna, id_layanan, Nama, Tanggal_Booking, Jam_Booking, Catatan)
                     VALUES(\'\',\'2\',\'Rafif\', \'2022-12-15\', \'08:19\', \'zx\')')
 5 APPPATH\Controllers\Booking.php(39): App\Models\PenggunaModel->insertdatabooking()
 6 SYSTEMPATH\CodeIgniter.php(927): App\Controllers\Booking->aksi_booking()
 7 SYSTEMPATH\CodeIgniter.php(482): CodeIgniter\CodeIgniter->runController(Object(App\Controllers\Booking))
 8 SYSTEMPATH\CodeIgniter.php(351): CodeIgniter\CodeIgniter->handleRequest(null, Object(Config\Cache), false)
 9 FCPATH\index.php(67): CodeIgniter\CodeIgniter->run()
CRITICAL - 2022-12-22 18:22:58 --> Undefined array key "No_Hanphone"
in APPPATH\Views\pages\KonfirmasiBook.php on line 28.
 1 APPPATH\Views\pages\KonfirmasiBook.php(28): CodeIgniter\Debug\Exceptions->errorHandler(2, 'Undefined array key "No_Hanphone"', 'APPPATH\\Views\\pages\\KonfirmasiBook.php', 28)
 2 SYSTEMPATH\View\View.php(213): include('APPPATH\\Views\\pages\\KonfirmasiBook.php')
 3 SYSTEMPATH\View\View.php(216): CodeIgniter\View\View->CodeIgniter\View\{closure}()
 4 SYSTEMPATH\Common.php(1134): CodeIgniter\View\View->render('/pages/KonfirmasiBook', [], true)
 5 APPPATH\Controllers\Booking.php(50): view('/pages/KonfirmasiBook', [...])
 6 SYSTEMPATH\CodeIgniter.php(927): App\Controllers\Booking->konfirmasiBook()
 7 SYSTEMPATH\CodeIgniter.php(482): CodeIgniter\CodeIgniter->runController(Object(App\Controllers\Booking))
 8 SYSTEMPATH\CodeIgniter.php(351): CodeIgniter\CodeIgniter->handleRequest(null, Object(Config\Cache), false)
 9 FCPATH\index.php(67): CodeIgniter\CodeIgniter->run()
ERROR - 2022-12-22 18:29:37 --> mysqli_sql_exception: You have an error in your SQL syntax; check the manual that corresponds to your MariaDB server version for the right syntax to use near ' 'Rafif', '2022-12-18', '08:33', 'sdfghj')' at line 2 in C:\xampp\htdocs\SalonUngu\system\Database\MySQLi\Connection.php:292
Stack trace:
#0 C:\xampp\htdocs\SalonUngu\system\Database\MySQLi\Connection.php(292): mysqli->query('INSERT INTO boo...', 0)
#1 C:\xampp\htdocs\SalonUngu\system\Database\BaseConnection.php(666): CodeIgniter\Database\MySQLi\Connection->execute('INSERT INTO boo...')
#2 C:\xampp\htdocs\SalonUngu\system\Database\BaseConnection.php(593): CodeIgniter\Database\BaseConnection->simpleQuery('INSERT INTO boo...')
#3 C:\xampp\htdocs\SalonUngu\app\Models\PenggunaModel.php(70): CodeIgniter\Database\BaseConnection->query('INSERT INTO boo...')
#4 C:\xampp\htdocs\SalonUngu\app\Controllers\Booking.php(39): App\Models\PenggunaModel->insertdatabooking()
#5 C:\xampp\htdocs\SalonUngu\system\CodeIgniter.php(927): App\Controllers\Booking->aksi_booking()
#6 C:\xampp\htdocs\SalonUngu\system\CodeIgniter.php(482): CodeIgniter\CodeIgniter->runController(Object(App\Controllers\Booking))
#7 C:\xampp\htdocs\SalonUngu\system\CodeIgniter.php(351): CodeIgniter\CodeIgniter->handleRequest(NULL, Object(Config\Cache), false)
#8 C:\xampp\htdocs\SalonUngu\index.php(67): CodeIgniter\CodeIgniter->run()
#9 {main}
CRITICAL - 2022-12-22 18:29:37 --> You have an error in your SQL syntax; check the manual that corresponds to your MariaDB server version for the right syntax to use near ' 'Rafif', '2022-12-18', '08:33', 'sdfghj')' at line 2
in SYSTEMPATH\Database\MySQLi\Connection.php on line 292.
 1 SYSTEMPATH\Database\MySQLi\Connection.php(292): mysqli->query('INSERT INTO booking(id_pelanggan, id_layanan, layanan, Nama, Tanggal_Booking, Jam_Booking, Catatan)
                     VALUES(\'2\',\'3\', , \'Rafif\', \'2022-12-18\', \'08:33\', \'sdfghj\')', 0)
 2 SYSTEMPATH\Database\BaseConnection.php(666): CodeIgniter\Database\MySQLi\Connection->execute('INSERT INTO booking(id_pelanggan, id_layanan, layanan, Nama, Tanggal_Booking, Jam_Booking, Catatan)
                     VALUES(\'2\',\'3\', , \'Rafif\', \'2022-12-18\', \'08:33\', \'sdfghj\')')
 3 SYSTEMPATH\Database\BaseConnection.php(593): CodeIgniter\Database\BaseConnection->simpleQuery('INSERT INTO booking(id_pelanggan, id_layanan, layanan, Nama, Tanggal_Booking, Jam_Booking, Catatan)
                     VALUES(\'2\',\'3\', , \'Rafif\', \'2022-12-18\', \'08:33\', \'sdfghj\')')
 4 APPPATH\Models\PenggunaModel.php(70): CodeIgniter\Database\BaseConnection->query('INSERT INTO booking(id_pelanggan, id_layanan, layanan, Nama, Tanggal_Booking, Jam_Booking, Catatan)
                     VALUES(\'2\',\'3\', , \'Rafif\', \'2022-12-18\', \'08:33\', \'sdfghj\')')
 5 APPPATH\Controllers\Booking.php(39): App\Models\PenggunaModel->insertdatabooking()
 6 SYSTEMPATH\CodeIgniter.php(927): App\Controllers\Booking->aksi_booking()
 7 SYSTEMPATH\CodeIgniter.php(482): CodeIgniter\CodeIgniter->runController(Object(App\Controllers\Booking))
 8 SYSTEMPATH\CodeIgniter.php(351): CodeIgniter\CodeIgniter->handleRequest(null, Object(Config\Cache), false)
 9 FCPATH\index.php(67): CodeIgniter\CodeIgniter->run()
CRITICAL - 2022-12-22 18:33:46 --> Undefined array key 0
in APPPATH\Views\pages\KonfirmasiBook.php on line 20.
 1 APPPATH\Views\pages\KonfirmasiBook.php(20): CodeIgniter\Debug\Exceptions->errorHandler(2, 'Undefined array key 0', 'APPPATH\\Views\\pages\\KonfirmasiBook.php', 20)
 2 SYSTEMPATH\View\View.php(213): include('APPPATH\\Views\\pages\\KonfirmasiBook.php')
 3 SYSTEMPATH\View\View.php(216): CodeIgniter\View\View->CodeIgniter\View\{closure}()
 4 SYSTEMPATH\Common.php(1134): CodeIgniter\View\View->render('/pages/KonfirmasiBook', [], true)
 5 APPPATH\Controllers\Booking.php(50): view('/pages/KonfirmasiBook', [...])
 6 SYSTEMPATH\CodeIgniter.php(927): App\Controllers\Booking->konfirmasiBook()
 7 SYSTEMPATH\CodeIgniter.php(482): CodeIgniter\CodeIgniter->runController(Object(App\Controllers\Booking))
 8 SYSTEMPATH\CodeIgniter.php(351): CodeIgniter\CodeIgniter->handleRequest(null, Object(Config\Cache), false)
 9 FCPATH\index.php(67): CodeIgniter\CodeIgniter->run()
CRITICAL - 2022-12-22 18:33:54 --> Undefined array key 0
in APPPATH\Views\pages\KonfirmasiBook.php on line 20.
 1 APPPATH\Views\pages\KonfirmasiBook.php(20): CodeIgniter\Debug\Exceptions->errorHandler(2, 'Undefined array key 0', 'APPPATH\\Views\\pages\\KonfirmasiBook.php', 20)
 2 SYSTEMPATH\View\View.php(213): include('APPPATH\\Views\\pages\\KonfirmasiBook.php')
 3 SYSTEMPATH\View\View.php(216): CodeIgniter\View\View->CodeIgniter\View\{closure}()
 4 SYSTEMPATH\Common.php(1134): CodeIgniter\View\View->render('/pages/KonfirmasiBook', [], true)
 5 APPPATH\Controllers\Booking.php(50): view('/pages/KonfirmasiBook', [...])
 6 SYSTEMPATH\CodeIgniter.php(927): App\Controllers\Booking->konfirmasiBook()
 7 SYSTEMPATH\CodeIgniter.php(482): CodeIgniter\CodeIgniter->runController(Object(App\Controllers\Booking))
 8 SYSTEMPATH\CodeIgniter.php(351): CodeIgniter\CodeIgniter->handleRequest(null, Object(Config\Cache), false)
 9 FCPATH\index.php(67): CodeIgniter\CodeIgniter->run()
CRITICAL - 2022-12-22 18:34:59 --> Undefined array key 0
in APPPATH\Views\pages\KonfirmasiBook.php on line 20.
 1 APPPATH\Views\pages\KonfirmasiBook.php(20): CodeIgniter\Debug\Exceptions->errorHandler(2, 'Undefined array key 0', 'APPPATH\\Views\\pages\\KonfirmasiBook.php', 20)
 2 SYSTEMPATH\View\View.php(213): include('APPPATH\\Views\\pages\\KonfirmasiBook.php')
 3 SYSTEMPATH\View\View.php(216): CodeIgniter\View\View->CodeIgniter\View\{closure}()
 4 SYSTEMPATH\Common.php(1134): CodeIgniter\View\View->render('/pages/KonfirmasiBook', [], true)
 5 APPPATH\Controllers\Booking.php(50): view('/pages/KonfirmasiBook', [...])
 6 SYSTEMPATH\CodeIgniter.php(927): App\Controllers\Booking->konfirmasiBook()
 7 SYSTEMPATH\CodeIgniter.php(482): CodeIgniter\CodeIgniter->runController(Object(App\Controllers\Booking))
 8 SYSTEMPATH\CodeIgniter.php(351): CodeIgniter\CodeIgniter->handleRequest(null, Object(Config\Cache), false)
 9 FCPATH\index.php(67): CodeIgniter\CodeIgniter->run()
CRITICAL - 2022-12-22 18:36:11 --> Undefined array key 0
in APPPATH\Views\pages\KonfirmasiBook.php on line 20.
 1 APPPATH\Views\pages\KonfirmasiBook.php(20): CodeIgniter\Debug\Exceptions->errorHandler(2, 'Undefined array key 0', 'APPPATH\\Views\\pages\\KonfirmasiBook.php', 20)
 2 SYSTEMPATH\View\View.php(213): include('APPPATH\\Views\\pages\\KonfirmasiBook.php')
 3 SYSTEMPATH\View\View.php(216): CodeIgniter\View\View->CodeIgniter\View\{closure}()
 4 SYSTEMPATH\Common.php(1134): CodeIgniter\View\View->render('/pages/KonfirmasiBook', [], true)
 5 APPPATH\Controllers\Booking.php(50): view('/pages/KonfirmasiBook', [...])
 6 SYSTEMPATH\CodeIgniter.php(927): App\Controllers\Booking->konfirmasiBook()
 7 SYSTEMPATH\CodeIgniter.php(482): CodeIgniter\CodeIgniter->runController(Object(App\Controllers\Booking))
 8 SYSTEMPATH\CodeIgniter.php(351): CodeIgniter\CodeIgniter->handleRequest(null, Object(Config\Cache), false)
 9 FCPATH\index.php(67): CodeIgniter\CodeIgniter->run()
CRITICAL - 2022-12-22 18:36:57 --> Undefined array key "Layanan"
in APPPATH\Views\pages\KonfirmasiBook.php on line 37.
 1 APPPATH\Views\pages\KonfirmasiBook.php(37): CodeIgniter\Debug\Exceptions->errorHandler(2, 'Undefined array key "Layanan"', 'APPPATH\\Views\\pages\\KonfirmasiBook.php', 37)
 2 SYSTEMPATH\View\View.php(213): include('APPPATH\\Views\\pages\\KonfirmasiBook.php')
 3 SYSTEMPATH\View\View.php(216): CodeIgniter\View\View->CodeIgniter\View\{closure}()
 4 SYSTEMPATH\Common.php(1134): CodeIgniter\View\View->render('/pages/KonfirmasiBook', [], true)
 5 APPPATH\Controllers\Booking.php(50): view('/pages/KonfirmasiBook', [...])
 6 SYSTEMPATH\CodeIgniter.php(927): App\Controllers\Booking->konfirmasiBook()
 7 SYSTEMPATH\CodeIgniter.php(482): CodeIgniter\CodeIgniter->runController(Object(App\Controllers\Booking))
 8 SYSTEMPATH\CodeIgniter.php(351): CodeIgniter\CodeIgniter->handleRequest(null, Object(Config\Cache), false)
 9 FCPATH\index.php(67): CodeIgniter\CodeIgniter->run()
