CRITICAL - 2022-12-17 00:24:54 --> Undefined array key "email"
in APPPATH\Views\pages\Booking.php on line 12.
 1 APPPATH\Views\pages\Booking.php(12): CodeIgniter\Debug\Exceptions->errorHandler(2, 'Undefined array key "email"', 'APPPATH\\Views\\pages\\Booking.php', 12)
 2 SYSTEMPATH\View\View.php(213): include('APPPATH\\Views\\pages\\Booking.php')
 3 SYSTEMPATH\View\View.php(216): CodeIgniter\View\View->CodeIgniter\View\{closure}()
 4 SYSTEMPATH\Common.php(1134): CodeIgniter\View\View->render('pages/Booking', [], true)
 5 APPPATH\Controllers\Booking.php(34): view('pages/Booking', [...])
 6 SYSTEMPATH\CodeIgniter.php(927): App\Controllers\Booking->booking()
 7 SYSTEMPATH\CodeIgniter.php(482): CodeIgniter\CodeIgniter->runController(Object(App\Controllers\Booking))
 8 SYSTEMPATH\CodeIgniter.php(351): CodeIgniter\CodeIgniter->handleRequest(null, Object(Config\Cache), false)
 9 FCPATH\index.php(67): CodeIgniter\CodeIgniter->run()
CRITICAL - 2022-12-17 00:24:56 --> Undefined array key "email"
in APPPATH\Views\pages\Booking.php on line 12.
 1 APPPATH\Views\pages\Booking.php(12): CodeIgniter\Debug\Exceptions->errorHandler(2, 'Undefined array key "email"', 'APPPATH\\Views\\pages\\Booking.php', 12)
 2 SYSTEMPATH\View\View.php(213): include('APPPATH\\Views\\pages\\Booking.php')
 3 SYSTEMPATH\View\View.php(216): CodeIgniter\View\View->CodeIgniter\View\{closure}()
 4 SYSTEMPATH\Common.php(1134): CodeIgniter\View\View->render('pages/Booking', [], true)
 5 APPPATH\Controllers\Booking.php(34): view('pages/Booking', [...])
 6 SYSTEMPATH\CodeIgniter.php(927): App\Controllers\Booking->booking()
 7 SYSTEMPATH\CodeIgniter.php(482): CodeIgniter\CodeIgniter->runController(Object(App\Controllers\Booking))
 8 SYSTEMPATH\CodeIgniter.php(351): CodeIgniter\CodeIgniter->handleRequest(null, Object(Config\Cache), false)
 9 FCPATH\index.php(67): CodeIgniter\CodeIgniter->run()
CRITICAL - 2022-12-17 21:48:14 --> Undefined array key "Tanggal_booking"
in APPPATH\Views\pages\KonfirmasiBook.php on line 47.
 1 APPPATH\Views\pages\KonfirmasiBook.php(47): CodeIgniter\Debug\Exceptions->errorHandler(2, 'Undefined array key "Tanggal_booking"', 'APPPATH\\Views\\pages\\KonfirmasiBook.php', 47)
 2 SYSTEMPATH\View\View.php(213): include('APPPATH\\Views\\pages\\KonfirmasiBook.php')
 3 SYSTEMPATH\View\View.php(216): CodeIgniter\View\View->CodeIgniter\View\{closure}()
 4 SYSTEMPATH\Common.php(1134): CodeIgniter\View\View->render('/pages/KonfirmasiBook', [], true)
 5 APPPATH\Controllers\Booking.php(49): view('/pages/KonfirmasiBook', [...])
 6 SYSTEMPATH\CodeIgniter.php(927): App\Controllers\Booking->konfirmasiBook()
 7 SYSTEMPATH\CodeIgniter.php(482): CodeIgniter\CodeIgniter->runController(Object(App\Controllers\Booking))
 8 SYSTEMPATH\CodeIgniter.php(351): CodeIgniter\CodeIgniter->handleRequest(null, Object(Config\Cache), false)
 9 FCPATH\index.php(67): CodeIgniter\CodeIgniter->run()
CRITICAL - 2022-12-17 21:48:15 --> Undefined array key "Tanggal_booking"
in APPPATH\Views\pages\KonfirmasiBook.php on line 47.
 1 APPPATH\Views\pages\KonfirmasiBook.php(47): CodeIgniter\Debug\Exceptions->errorHandler(2, 'Undefined array key "Tanggal_booking"', 'APPPATH\\Views\\pages\\KonfirmasiBook.php', 47)
 2 SYSTEMPATH\View\View.php(213): include('APPPATH\\Views\\pages\\KonfirmasiBook.php')
 3 SYSTEMPATH\View\View.php(216): CodeIgniter\View\View->CodeIgniter\View\{closure}()
 4 SYSTEMPATH\Common.php(1134): CodeIgniter\View\View->render('/pages/KonfirmasiBook', [], true)
 5 APPPATH\Controllers\Booking.php(49): view('/pages/KonfirmasiBook', [...])
 6 SYSTEMPATH\CodeIgniter.php(927): App\Controllers\Booking->konfirmasiBook()
 7 SYSTEMPATH\CodeIgniter.php(482): CodeIgniter\CodeIgniter->runController(Object(App\Controllers\Booking))
 8 SYSTEMPATH\CodeIgniter.php(351): CodeIgniter\CodeIgniter->handleRequest(null, Object(Config\Cache), false)
 9 FCPATH\index.php(67): CodeIgniter\CodeIgniter->run()
CRITICAL - 2022-12-17 21:48:16 --> Undefined array key "Tanggal_booking"
in APPPATH\Views\pages\KonfirmasiBook.php on line 47.
 1 APPPATH\Views\pages\KonfirmasiBook.php(47): CodeIgniter\Debug\Exceptions->errorHandler(2, 'Undefined array key "Tanggal_booking"', 'APPPATH\\Views\\pages\\KonfirmasiBook.php', 47)
 2 SYSTEMPATH\View\View.php(213): include('APPPATH\\Views\\pages\\KonfirmasiBook.php')
 3 SYSTEMPATH\View\View.php(216): CodeIgniter\View\View->CodeIgniter\View\{closure}()
 4 SYSTEMPATH\Common.php(1134): CodeIgniter\View\View->render('/pages/KonfirmasiBook', [], true)
 5 APPPATH\Controllers\Booking.php(49): view('/pages/KonfirmasiBook', [...])
 6 SYSTEMPATH\CodeIgniter.php(927): App\Controllers\Booking->konfirmasiBook()
 7 SYSTEMPATH\CodeIgniter.php(482): CodeIgniter\CodeIgniter->runController(Object(App\Controllers\Booking))
 8 SYSTEMPATH\CodeIgniter.php(351): CodeIgniter\CodeIgniter->handleRequest(null, Object(Config\Cache), false)
 9 FCPATH\index.php(67): CodeIgniter\CodeIgniter->run()
CRITICAL - 2022-12-17 22:10:16 --> Undefined property: App\Controllers\Admin\Data_layanan::$PenggunaModel
in APPPATH\Controllers\Admin\Data_layanan.php on line 24.
 1 APPPATH\Controllers\Admin\Data_layanan.php(24): CodeIgniter\Debug\Exceptions->errorHandler(2, 'Undefined property: App\\Controllers\\Admin\\Data_layanan::$PenggunaModel', 'APPPATH\\Controllers\\Admin\\Data_layanan.php', 24)
 2 SYSTEMPATH\CodeIgniter.php(927): App\Controllers\Admin\Data_layanan->index()
 3 SYSTEMPATH\CodeIgniter.php(482): CodeIgniter\CodeIgniter->runController(Object(App\Controllers\Admin\Data_layanan))
 4 SYSTEMPATH\CodeIgniter.php(351): CodeIgniter\CodeIgniter->handleRequest(null, Object(Config\Cache), false)
 5 FCPATH\index.php(67): CodeIgniter\CodeIgniter->run()
CRITICAL - 2022-12-17 22:10:18 --> Undefined property: App\Controllers\Admin\Data_layanan::$PenggunaModel
in APPPATH\Controllers\Admin\Data_layanan.php on line 24.
 1 APPPATH\Controllers\Admin\Data_layanan.php(24): CodeIgniter\Debug\Exceptions->errorHandler(2, 'Undefined property: App\\Controllers\\Admin\\Data_layanan::$PenggunaModel', 'APPPATH\\Controllers\\Admin\\Data_layanan.php', 24)
 2 SYSTEMPATH\CodeIgniter.php(927): App\Controllers\Admin\Data_layanan->index()
 3 SYSTEMPATH\CodeIgniter.php(482): CodeIgniter\CodeIgniter->runController(Object(App\Controllers\Admin\Data_layanan))
 4 SYSTEMPATH\CodeIgniter.php(351): CodeIgniter\CodeIgniter->handleRequest(null, Object(Config\Cache), false)
 5 FCPATH\index.php(67): CodeIgniter\CodeIgniter->run()
CRITICAL - 2022-12-17 23:00:33 --> Undefined array key 0
in APPPATH\Views\pages\KonfirmasiBook.php on line 42.
 1 APPPATH\Views\pages\KonfirmasiBook.php(42): CodeIgniter\Debug\Exceptions->errorHandler(2, 'Undefined array key 0', 'APPPATH\\Views\\pages\\KonfirmasiBook.php', 42)
 2 SYSTEMPATH\View\View.php(213): include('APPPATH\\Views\\pages\\KonfirmasiBook.php')
 3 SYSTEMPATH\View\View.php(216): CodeIgniter\View\View->CodeIgniter\View\{closure}()
 4 SYSTEMPATH\Common.php(1134): CodeIgniter\View\View->render('/pages/KonfirmasiBook', [], true)
 5 APPPATH\Controllers\Booking.php(49): view('/pages/KonfirmasiBook', [...])
 6 SYSTEMPATH\CodeIgniter.php(927): App\Controllers\Booking->konfirmasiBook()
 7 SYSTEMPATH\CodeIgniter.php(482): CodeIgniter\CodeIgniter->runController(Object(App\Controllers\Booking))
 8 SYSTEMPATH\CodeIgniter.php(351): CodeIgniter\CodeIgniter->handleRequest(null, Object(Config\Cache), false)
 9 FCPATH\index.php(67): CodeIgniter\CodeIgniter->run()
CRITICAL - 2022-12-17 23:00:48 --> Undefined array key "Harga"
in APPPATH\Views\pages\KonfirmasiBook.php on line 42.
 1 APPPATH\Views\pages\KonfirmasiBook.php(42): CodeIgniter\Debug\Exceptions->errorHandler(2, 'Undefined array key "Harga"', 'APPPATH\\Views\\pages\\KonfirmasiBook.php', 42)
 2 SYSTEMPATH\View\View.php(213): include('APPPATH\\Views\\pages\\KonfirmasiBook.php')
 3 SYSTEMPATH\View\View.php(216): CodeIgniter\View\View->CodeIgniter\View\{closure}()
 4 SYSTEMPATH\Common.php(1134): CodeIgniter\View\View->render('/pages/KonfirmasiBook', [], true)
 5 APPPATH\Controllers\Booking.php(49): view('/pages/KonfirmasiBook', [...])
 6 SYSTEMPATH\CodeIgniter.php(927): App\Controllers\Booking->konfirmasiBook()
 7 SYSTEMPATH\CodeIgniter.php(482): CodeIgniter\CodeIgniter->runController(Object(App\Controllers\Booking))
 8 SYSTEMPATH\CodeIgniter.php(351): CodeIgniter\CodeIgniter->handleRequest(null, Object(Config\Cache), false)
 9 FCPATH\index.php(67): CodeIgniter\CodeIgniter->run()
CRITICAL - 2022-12-17 23:00:51 --> Undefined array key "Harga"
in APPPATH\Views\pages\KonfirmasiBook.php on line 42.
 1 APPPATH\Views\pages\KonfirmasiBook.php(42): CodeIgniter\Debug\Exceptions->errorHandler(2, 'Undefined array key "Harga"', 'APPPATH\\Views\\pages\\KonfirmasiBook.php', 42)
 2 SYSTEMPATH\View\View.php(213): include('APPPATH\\Views\\pages\\KonfirmasiBook.php')
 3 SYSTEMPATH\View\View.php(216): CodeIgniter\View\View->CodeIgniter\View\{closure}()
 4 SYSTEMPATH\Common.php(1134): CodeIgniter\View\View->render('/pages/KonfirmasiBook', [], true)
 5 APPPATH\Controllers\Booking.php(49): view('/pages/KonfirmasiBook', [...])
 6 SYSTEMPATH\CodeIgniter.php(927): App\Controllers\Booking->konfirmasiBook()
 7 SYSTEMPATH\CodeIgniter.php(482): CodeIgniter\CodeIgniter->runController(Object(App\Controllers\Booking))
 8 SYSTEMPATH\CodeIgniter.php(351): CodeIgniter\CodeIgniter->handleRequest(null, Object(Config\Cache), false)
 9 FCPATH\index.php(67): CodeIgniter\CodeIgniter->run()
CRITICAL - 2022-12-17 23:05:39 --> Undefined array key 0
in APPPATH\Views\pages\KonfirmasiBook.php on line 42.
 1 APPPATH\Views\pages\KonfirmasiBook.php(42): CodeIgniter\Debug\Exceptions->errorHandler(2, 'Undefined array key 0', 'APPPATH\\Views\\pages\\KonfirmasiBook.php', 42)
 2 SYSTEMPATH\View\View.php(213): include('APPPATH\\Views\\pages\\KonfirmasiBook.php')
 3 SYSTEMPATH\View\View.php(216): CodeIgniter\View\View->CodeIgniter\View\{closure}()
 4 SYSTEMPATH\Common.php(1134): CodeIgniter\View\View->render('/pages/KonfirmasiBook', [], true)
 5 APPPATH\Controllers\Booking.php(49): view('/pages/KonfirmasiBook', [...])
 6 SYSTEMPATH\CodeIgniter.php(927): App\Controllers\Booking->konfirmasiBook()
 7 SYSTEMPATH\CodeIgniter.php(482): CodeIgniter\CodeIgniter->runController(Object(App\Controllers\Booking))
 8 SYSTEMPATH\CodeIgniter.php(351): CodeIgniter\CodeIgniter->handleRequest(null, Object(Config\Cache), false)
 9 FCPATH\index.php(67): CodeIgniter\CodeIgniter->run()
CRITICAL - 2022-12-17 23:05:51 --> Undefined array key "Harga"
in APPPATH\Views\pages\KonfirmasiBook.php on line 42.
 1 APPPATH\Views\pages\KonfirmasiBook.php(42): CodeIgniter\Debug\Exceptions->errorHandler(2, 'Undefined array key "Harga"', 'APPPATH\\Views\\pages\\KonfirmasiBook.php', 42)
 2 SYSTEMPATH\View\View.php(213): include('APPPATH\\Views\\pages\\KonfirmasiBook.php')
 3 SYSTEMPATH\View\View.php(216): CodeIgniter\View\View->CodeIgniter\View\{closure}()
 4 SYSTEMPATH\Common.php(1134): CodeIgniter\View\View->render('/pages/KonfirmasiBook', [], true)
 5 APPPATH\Controllers\Booking.php(49): view('/pages/KonfirmasiBook', [...])
 6 SYSTEMPATH\CodeIgniter.php(927): App\Controllers\Booking->konfirmasiBook()
 7 SYSTEMPATH\CodeIgniter.php(482): CodeIgniter\CodeIgniter->runController(Object(App\Controllers\Booking))
 8 SYSTEMPATH\CodeIgniter.php(351): CodeIgniter\CodeIgniter->handleRequest(null, Object(Config\Cache), false)
 9 FCPATH\index.php(67): CodeIgniter\CodeIgniter->run()
