CRITICAL - 2022-12-14 01:12:43 --> Invalid file: /Booking/KonfirmasiBook.php
in SYSTEMPATH\Exceptions\FrameworkException.php on line 33.
 1 SYSTEMPATH\View\View.php(201): CodeIgniter\Exceptions\FrameworkException::forInvalidFile('/Booking/KonfirmasiBook.php')
 2 SYSTEMPATH\Common.php(1134): CodeIgniter\View\View->render('/Booking/KonfirmasiBook', [], true)
 3 APPPATH\Controllers\Booking.php(48): view('/Booking/KonfirmasiBook', [...])
 4 SYSTEMPATH\CodeIgniter.php(927): App\Controllers\Booking->konfirmasiBook()
 5 SYSTEMPATH\CodeIgniter.php(482): CodeIgniter\CodeIgniter->runController(Object(App\Controllers\Booking))
 6 SYSTEMPATH\CodeIgniter.php(351): CodeIgniter\CodeIgniter->handleRequest(null, Object(Config\Cache), false)
 7 FCPATH\index.php(67): CodeIgniter\CodeIgniter->run()
ERROR - 2022-12-14 06:54:27 --> Error connecting to the database: mysqli_sql_exception: No connection could be made because the target machine actively refused it in C:\xampp\htdocs\SalonUngu\system\Database\MySQLi\Connection.php:171
Stack trace:
#0 C:\xampp\htdocs\SalonUngu\system\Database\MySQLi\Connection.php(171): mysqli->real_connect('localhost', 'root', '12345', 'salonungu', 3306, '', 0)
#1 C:\xampp\htdocs\SalonUngu\system\Database\BaseConnection.php(382): CodeIgniter\Database\MySQLi\Connection->connect(false)
#2 C:\xampp\htdocs\SalonUngu\system\Database\BaseConnection.php(561): CodeIgniter\Database\BaseConnection->initialize()
#3 C:\xampp\htdocs\SalonUngu\app\Models\AdminModel.php(28): CodeIgniter\Database\BaseConnection->query('SELECT * FROM a...')
#4 C:\xampp\htdocs\SalonUngu\app\Controllers\Admin\Login_admin.php(30): App\Models\AdminModel->cekLoginAdmin()
#5 C:\xampp\htdocs\SalonUngu\system\CodeIgniter.php(927): App\Controllers\Admin\Login_admin->aksi_login()
#6 C:\xampp\htdocs\SalonUngu\system\CodeIgniter.php(482): CodeIgniter\CodeIgniter->runController(Object(App\Controllers\Admin\Login_admin))
#7 C:\xampp\htdocs\SalonUngu\system\CodeIgniter.php(351): CodeIgniter\CodeIgniter->handleRequest(NULL, Object(Config\Cache), false)
#8 C:\xampp\htdocs\SalonUngu\index.php(67): CodeIgniter\CodeIgniter->run()
#9 {main}

Next CodeIgniter\Database\Exceptions\DatabaseException: No connection could be made because the target machine actively refused it in C:\xampp\htdocs\SalonUngu\system\Database\MySQLi\Connection.php:215
Stack trace:
#0 C:\xampp\htdocs\SalonUngu\system\Database\BaseConnection.php(382): CodeIgniter\Database\MySQLi\Connection->connect(false)
#1 C:\xampp\htdocs\SalonUngu\system\Database\BaseConnection.php(561): CodeIgniter\Database\BaseConnection->initialize()
#2 C:\xampp\htdocs\SalonUngu\app\Models\AdminModel.php(28): CodeIgniter\Database\BaseConnection->query('SELECT * FROM a...')
#3 C:\xampp\htdocs\SalonUngu\app\Controllers\Admin\Login_admin.php(30): App\Models\AdminModel->cekLoginAdmin()
#4 C:\xampp\htdocs\SalonUngu\system\CodeIgniter.php(927): App\Controllers\Admin\Login_admin->aksi_login()
#5 C:\xampp\htdocs\SalonUngu\system\CodeIgniter.php(482): CodeIgniter\CodeIgniter->runController(Object(App\Controllers\Admin\Login_admin))
#6 C:\xampp\htdocs\SalonUngu\system\CodeIgniter.php(351): CodeIgniter\CodeIgniter->handleRequest(NULL, Object(Config\Cache), false)
#7 C:\xampp\htdocs\SalonUngu\index.php(67): CodeIgniter\CodeIgniter->run()
#8 {main}
CRITICAL - 2022-12-14 06:54:27 --> Unable to connect to the database.
Main connection [MySQLi]: No connection could be made because the target machine actively refused it
in SYSTEMPATH\Database\BaseConnection.php on line 418.
 1 SYSTEMPATH\Database\BaseConnection.php(561): CodeIgniter\Database\BaseConnection->initialize()
 2 APPPATH\Models\AdminModel.php(28): CodeIgniter\Database\BaseConnection->query('SELECT * FROM admin WHERE email=\'yoi@yeah\' AND password=\'54321\'')
 3 APPPATH\Controllers\Admin\Login_admin.php(30): App\Models\AdminModel->cekLoginAdmin()
 4 SYSTEMPATH\CodeIgniter.php(927): App\Controllers\Admin\Login_admin->aksi_login()
 5 SYSTEMPATH\CodeIgniter.php(482): CodeIgniter\CodeIgniter->runController(Object(App\Controllers\Admin\Login_admin))
 6 SYSTEMPATH\CodeIgniter.php(351): CodeIgniter\CodeIgniter->handleRequest(null, Object(Config\Cache), false)
 7 FCPATH\index.php(67): CodeIgniter\CodeIgniter->run()
