CRITICAL - 2023-06-06 07:12:52 --> Class "CodeIgniter\Language\Language" not found
in SYSTEMPATH\Config\Services.php on line 376.
 1 SYSTEMPATH\Config\BaseService.php(253): CodeIgniter\Config\Services::language('en', false)
 2 SYSTEMPATH\Exceptions\PageNotFoundException.php(59): CodeIgniter\Config\BaseService::__callStatic('language', [...])
 3 SYSTEMPATH\Exceptions\PageNotFoundException.php(45): CodeIgniter\Exceptions\PageNotFoundException::lang('HTTP.methodNotFound', [...])
 4 SYSTEMPATH\CodeIgniter.php(476): CodeIgniter\Exceptions\PageNotFoundException::forMethodNotFound('images')
 5 SYSTEMPATH\CodeIgniter.php(351): CodeIgniter\CodeIgniter->handleRequest(null, Object(Config\Cache), false)
 6 FCPATH\index.php(67): CodeIgniter\CodeIgniter->run()
ERROR - 2023-06-06 07:23:45 --> Error connecting to the database: mysqli_sql_exception: No connection could be made because the target machine actively refused it in C:\xampp\htdocs\SalonUngu\system\Database\MySQLi\Connection.php:171
Stack trace:
#0 C:\xampp\htdocs\SalonUngu\system\Database\MySQLi\Connection.php(171): mysqli->real_connect('localhost', 'root', '12345', 'salonungu', 3306, '', 0)
#1 C:\xampp\htdocs\SalonUngu\system\Database\BaseConnection.php(382): CodeIgniter\Database\MySQLi\Connection->connect(false)
#2 C:\xampp\htdocs\SalonUngu\system\Database\BaseConnection.php(561): CodeIgniter\Database\BaseConnection->initialize()
#3 C:\xampp\htdocs\SalonUngu\app\Models\AdminModel.php(105): CodeIgniter\Database\BaseConnection->query('SELECT * FROM p...')
#4 C:\xampp\htdocs\SalonUngu\app\Controllers\Admin\Data_pelanggan.php(24): App\Models\AdminModel->selectdatauserForAdmin()
#5 C:\xampp\htdocs\SalonUngu\system\CodeIgniter.php(927): App\Controllers\Admin\Data_pelanggan->index()
#6 C:\xampp\htdocs\SalonUngu\system\CodeIgniter.php(482): CodeIgniter\CodeIgniter->runController(Object(App\Controllers\Admin\Data_pelanggan))
#7 C:\xampp\htdocs\SalonUngu\system\CodeIgniter.php(351): CodeIgniter\CodeIgniter->handleRequest(NULL, Object(Config\Cache), false)
#8 C:\xampp\htdocs\SalonUngu\index.php(67): CodeIgniter\CodeIgniter->run()
#9 {main}

Next CodeIgniter\Database\Exceptions\DatabaseException: No connection could be made because the target machine actively refused it in C:\xampp\htdocs\SalonUngu\system\Database\MySQLi\Connection.php:215
Stack trace:
#0 C:\xampp\htdocs\SalonUngu\system\Database\BaseConnection.php(382): CodeIgniter\Database\MySQLi\Connection->connect(false)
#1 C:\xampp\htdocs\SalonUngu\system\Database\BaseConnection.php(561): CodeIgniter\Database\BaseConnection->initialize()
#2 C:\xampp\htdocs\SalonUngu\app\Models\AdminModel.php(105): CodeIgniter\Database\BaseConnection->query('SELECT * FROM p...')
#3 C:\xampp\htdocs\SalonUngu\app\Controllers\Admin\Data_pelanggan.php(24): App\Models\AdminModel->selectdatauserForAdmin()
#4 C:\xampp\htdocs\SalonUngu\system\CodeIgniter.php(927): App\Controllers\Admin\Data_pelanggan->index()
#5 C:\xampp\htdocs\SalonUngu\system\CodeIgniter.php(482): CodeIgniter\CodeIgniter->runController(Object(App\Controllers\Admin\Data_pelanggan))
#6 C:\xampp\htdocs\SalonUngu\system\CodeIgniter.php(351): CodeIgniter\CodeIgniter->handleRequest(NULL, Object(Config\Cache), false)
#7 C:\xampp\htdocs\SalonUngu\index.php(67): CodeIgniter\CodeIgniter->run()
#8 {main}
CRITICAL - 2023-06-06 07:23:45 --> Unable to connect to the database.
Main connection [MySQLi]: No connection could be made because the target machine actively refused it
in SYSTEMPATH\Database\BaseConnection.php on line 418.
 1 SYSTEMPATH\Database\BaseConnection.php(561): CodeIgniter\Database\BaseConnection->initialize()
 2 APPPATH\Models\AdminModel.php(105): CodeIgniter\Database\BaseConnection->query('SELECT * FROM pelanggan')
 3 APPPATH\Controllers\Admin\Data_pelanggan.php(24): App\Models\AdminModel->selectdatauserForAdmin()
 4 SYSTEMPATH\CodeIgniter.php(927): App\Controllers\Admin\Data_pelanggan->index()
 5 SYSTEMPATH\CodeIgniter.php(482): CodeIgniter\CodeIgniter->runController(Object(App\Controllers\Admin\Data_pelanggan))
 6 SYSTEMPATH\CodeIgniter.php(351): CodeIgniter\CodeIgniter->handleRequest(null, Object(Config\Cache), false)
 7 FCPATH\index.php(67): CodeIgniter\CodeIgniter->run()
ERROR - 2023-06-06 07:23:54 --> Error connecting to the database: mysqli_sql_exception: No connection could be made because the target machine actively refused it in C:\xampp\htdocs\SalonUngu\system\Database\MySQLi\Connection.php:171
Stack trace:
#0 C:\xampp\htdocs\SalonUngu\system\Database\MySQLi\Connection.php(171): mysqli->real_connect('localhost', 'root', '12345', 'salonungu', 3306, '', 0)
#1 C:\xampp\htdocs\SalonUngu\system\Database\BaseConnection.php(382): CodeIgniter\Database\MySQLi\Connection->connect(false)
#2 C:\xampp\htdocs\SalonUngu\system\Database\BaseConnection.php(561): CodeIgniter\Database\BaseConnection->initialize()
#3 C:\xampp\htdocs\SalonUngu\app\Models\AdminModel.php(91): CodeIgniter\Database\BaseConnection->query('SELECT * FROM l...')
#4 C:\xampp\htdocs\SalonUngu\app\Controllers\Admin\Data_layanan.php(24): App\Models\AdminModel->selectdatalayananforAdmin()
#5 C:\xampp\htdocs\SalonUngu\system\CodeIgniter.php(927): App\Controllers\Admin\Data_layanan->index()
#6 C:\xampp\htdocs\SalonUngu\system\CodeIgniter.php(482): CodeIgniter\CodeIgniter->runController(Object(App\Controllers\Admin\Data_layanan))
#7 C:\xampp\htdocs\SalonUngu\system\CodeIgniter.php(351): CodeIgniter\CodeIgniter->handleRequest(NULL, Object(Config\Cache), false)
#8 C:\xampp\htdocs\SalonUngu\index.php(67): CodeIgniter\CodeIgniter->run()
#9 {main}

Next CodeIgniter\Database\Exceptions\DatabaseException: No connection could be made because the target machine actively refused it in C:\xampp\htdocs\SalonUngu\system\Database\MySQLi\Connection.php:215
Stack trace:
#0 C:\xampp\htdocs\SalonUngu\system\Database\BaseConnection.php(382): CodeIgniter\Database\MySQLi\Connection->connect(false)
#1 C:\xampp\htdocs\SalonUngu\system\Database\BaseConnection.php(561): CodeIgniter\Database\BaseConnection->initialize()
#2 C:\xampp\htdocs\SalonUngu\app\Models\AdminModel.php(91): CodeIgniter\Database\BaseConnection->query('SELECT * FROM l...')
#3 C:\xampp\htdocs\SalonUngu\app\Controllers\Admin\Data_layanan.php(24): App\Models\AdminModel->selectdatalayananforAdmin()
#4 C:\xampp\htdocs\SalonUngu\system\CodeIgniter.php(927): App\Controllers\Admin\Data_layanan->index()
#5 C:\xampp\htdocs\SalonUngu\system\CodeIgniter.php(482): CodeIgniter\CodeIgniter->runController(Object(App\Controllers\Admin\Data_layanan))
#6 C:\xampp\htdocs\SalonUngu\system\CodeIgniter.php(351): CodeIgniter\CodeIgniter->handleRequest(NULL, Object(Config\Cache), false)
#7 C:\xampp\htdocs\SalonUngu\index.php(67): CodeIgniter\CodeIgniter->run()
#8 {main}
CRITICAL - 2023-06-06 07:23:54 --> Unable to connect to the database.
Main connection [MySQLi]: No connection could be made because the target machine actively refused it
in SYSTEMPATH\Database\BaseConnection.php on line 418.
 1 SYSTEMPATH\Database\BaseConnection.php(561): CodeIgniter\Database\BaseConnection->initialize()
 2 APPPATH\Models\AdminModel.php(91): CodeIgniter\Database\BaseConnection->query('SELECT * FROM layanan')
 3 APPPATH\Controllers\Admin\Data_layanan.php(24): App\Models\AdminModel->selectdatalayananforAdmin()
 4 SYSTEMPATH\CodeIgniter.php(927): App\Controllers\Admin\Data_layanan->index()
 5 SYSTEMPATH\CodeIgniter.php(482): CodeIgniter\CodeIgniter->runController(Object(App\Controllers\Admin\Data_layanan))
 6 SYSTEMPATH\CodeIgniter.php(351): CodeIgniter\CodeIgniter->handleRequest(null, Object(Config\Cache), false)
 7 FCPATH\index.php(67): CodeIgniter\CodeIgniter->run()
ERROR - 2023-06-06 07:24:17 --> Error connecting to the database: mysqli_sql_exception: No connection could be made because the target machine actively refused it in C:\xampp\htdocs\SalonUngu\system\Database\MySQLi\Connection.php:171
Stack trace:
#0 C:\xampp\htdocs\SalonUngu\system\Database\MySQLi\Connection.php(171): mysqli->real_connect('localhost', 'root', '12345', 'salonungu', 3306, '', 0)
#1 C:\xampp\htdocs\SalonUngu\system\Database\BaseConnection.php(382): CodeIgniter\Database\MySQLi\Connection->connect(false)
#2 C:\xampp\htdocs\SalonUngu\system\Database\BaseConnection.php(561): CodeIgniter\Database\BaseConnection->initialize()
#3 C:\xampp\htdocs\SalonUngu\app\Models\AdminModel.php(91): CodeIgniter\Database\BaseConnection->query('SELECT * FROM l...')
#4 C:\xampp\htdocs\SalonUngu\app\Controllers\Admin\Data_layanan.php(24): App\Models\AdminModel->selectdatalayananforAdmin()
#5 C:\xampp\htdocs\SalonUngu\system\CodeIgniter.php(927): App\Controllers\Admin\Data_layanan->index()
#6 C:\xampp\htdocs\SalonUngu\system\CodeIgniter.php(482): CodeIgniter\CodeIgniter->runController(Object(App\Controllers\Admin\Data_layanan))
#7 C:\xampp\htdocs\SalonUngu\system\CodeIgniter.php(351): CodeIgniter\CodeIgniter->handleRequest(NULL, Object(Config\Cache), false)
#8 C:\xampp\htdocs\SalonUngu\index.php(67): CodeIgniter\CodeIgniter->run()
#9 {main}

Next CodeIgniter\Database\Exceptions\DatabaseException: No connection could be made because the target machine actively refused it in C:\xampp\htdocs\SalonUngu\system\Database\MySQLi\Connection.php:215
Stack trace:
#0 C:\xampp\htdocs\SalonUngu\system\Database\BaseConnection.php(382): CodeIgniter\Database\MySQLi\Connection->connect(false)
#1 C:\xampp\htdocs\SalonUngu\system\Database\BaseConnection.php(561): CodeIgniter\Database\BaseConnection->initialize()
#2 C:\xampp\htdocs\SalonUngu\app\Models\AdminModel.php(91): CodeIgniter\Database\BaseConnection->query('SELECT * FROM l...')
#3 C:\xampp\htdocs\SalonUngu\app\Controllers\Admin\Data_layanan.php(24): App\Models\AdminModel->selectdatalayananforAdmin()
#4 C:\xampp\htdocs\SalonUngu\system\CodeIgniter.php(927): App\Controllers\Admin\Data_layanan->index()
#5 C:\xampp\htdocs\SalonUngu\system\CodeIgniter.php(482): CodeIgniter\CodeIgniter->runController(Object(App\Controllers\Admin\Data_layanan))
#6 C:\xampp\htdocs\SalonUngu\system\CodeIgniter.php(351): CodeIgniter\CodeIgniter->handleRequest(NULL, Object(Config\Cache), false)
#7 C:\xampp\htdocs\SalonUngu\index.php(67): CodeIgniter\CodeIgniter->run()
#8 {main}
CRITICAL - 2023-06-06 07:24:17 --> Unable to connect to the database.
Main connection [MySQLi]: No connection could be made because the target machine actively refused it
in SYSTEMPATH\Database\BaseConnection.php on line 418.
 1 SYSTEMPATH\Database\BaseConnection.php(561): CodeIgniter\Database\BaseConnection->initialize()
 2 APPPATH\Models\AdminModel.php(91): CodeIgniter\Database\BaseConnection->query('SELECT * FROM layanan')
 3 APPPATH\Controllers\Admin\Data_layanan.php(24): App\Models\AdminModel->selectdatalayananforAdmin()
 4 SYSTEMPATH\CodeIgniter.php(927): App\Controllers\Admin\Data_layanan->index()
 5 SYSTEMPATH\CodeIgniter.php(482): CodeIgniter\CodeIgniter->runController(Object(App\Controllers\Admin\Data_layanan))
 6 SYSTEMPATH\CodeIgniter.php(351): CodeIgniter\CodeIgniter->handleRequest(null, Object(Config\Cache), false)
 7 FCPATH\index.php(67): CodeIgniter\CodeIgniter->run()
ERROR - 2023-06-06 07:24:29 --> Error connecting to the database: mysqli_sql_exception: No connection could be made because the target machine actively refused it in C:\xampp\htdocs\SalonUngu\system\Database\MySQLi\Connection.php:171
Stack trace:
#0 C:\xampp\htdocs\SalonUngu\system\Database\MySQLi\Connection.php(171): mysqli->real_connect('localhost', 'root', '12345', 'salonungu', 3306, '', 0)
#1 C:\xampp\htdocs\SalonUngu\system\Database\BaseConnection.php(382): CodeIgniter\Database\MySQLi\Connection->connect(false)
#2 C:\xampp\htdocs\SalonUngu\system\Database\BaseConnection.php(561): CodeIgniter\Database\BaseConnection->initialize()
#3 C:\xampp\htdocs\SalonUngu\app\Models\AdminModel.php(91): CodeIgniter\Database\BaseConnection->query('SELECT * FROM l...')
#4 C:\xampp\htdocs\SalonUngu\app\Controllers\Admin\Data_layanan.php(24): App\Models\AdminModel->selectdatalayananforAdmin()
#5 C:\xampp\htdocs\SalonUngu\system\CodeIgniter.php(927): App\Controllers\Admin\Data_layanan->index()
#6 C:\xampp\htdocs\SalonUngu\system\CodeIgniter.php(482): CodeIgniter\CodeIgniter->runController(Object(App\Controllers\Admin\Data_layanan))
#7 C:\xampp\htdocs\SalonUngu\system\CodeIgniter.php(351): CodeIgniter\CodeIgniter->handleRequest(NULL, Object(Config\Cache), false)
#8 C:\xampp\htdocs\SalonUngu\index.php(67): CodeIgniter\CodeIgniter->run()
#9 {main}

Next CodeIgniter\Database\Exceptions\DatabaseException: No connection could be made because the target machine actively refused it in C:\xampp\htdocs\SalonUngu\system\Database\MySQLi\Connection.php:215
Stack trace:
#0 C:\xampp\htdocs\SalonUngu\system\Database\BaseConnection.php(382): CodeIgniter\Database\MySQLi\Connection->connect(false)
#1 C:\xampp\htdocs\SalonUngu\system\Database\BaseConnection.php(561): CodeIgniter\Database\BaseConnection->initialize()
#2 C:\xampp\htdocs\SalonUngu\app\Models\AdminModel.php(91): CodeIgniter\Database\BaseConnection->query('SELECT * FROM l...')
#3 C:\xampp\htdocs\SalonUngu\app\Controllers\Admin\Data_layanan.php(24): App\Models\AdminModel->selectdatalayananforAdmin()
#4 C:\xampp\htdocs\SalonUngu\system\CodeIgniter.php(927): App\Controllers\Admin\Data_layanan->index()
#5 C:\xampp\htdocs\SalonUngu\system\CodeIgniter.php(482): CodeIgniter\CodeIgniter->runController(Object(App\Controllers\Admin\Data_layanan))
#6 C:\xampp\htdocs\SalonUngu\system\CodeIgniter.php(351): CodeIgniter\CodeIgniter->handleRequest(NULL, Object(Config\Cache), false)
#7 C:\xampp\htdocs\SalonUngu\index.php(67): CodeIgniter\CodeIgniter->run()
#8 {main}
CRITICAL - 2023-06-06 07:24:29 --> Unable to connect to the database.
Main connection [MySQLi]: No connection could be made because the target machine actively refused it
in SYSTEMPATH\Database\BaseConnection.php on line 418.
 1 SYSTEMPATH\Database\BaseConnection.php(561): CodeIgniter\Database\BaseConnection->initialize()
 2 APPPATH\Models\AdminModel.php(91): CodeIgniter\Database\BaseConnection->query('SELECT * FROM layanan')
 3 APPPATH\Controllers\Admin\Data_layanan.php(24): App\Models\AdminModel->selectdatalayananforAdmin()
 4 SYSTEMPATH\CodeIgniter.php(927): App\Controllers\Admin\Data_layanan->index()
 5 SYSTEMPATH\CodeIgniter.php(482): CodeIgniter\CodeIgniter->runController(Object(App\Controllers\Admin\Data_layanan))
 6 SYSTEMPATH\CodeIgniter.php(351): CodeIgniter\CodeIgniter->handleRequest(null, Object(Config\Cache), false)
 7 FCPATH\index.php(67): CodeIgniter\CodeIgniter->run()
CRITICAL - 2023-06-06 07:29:11 --> Class "CodeIgniter\Language\Language" not found
in SYSTEMPATH\Config\Services.php on line 376.
 1 SYSTEMPATH\Config\BaseService.php(253): CodeIgniter\Config\Services::language('en', false)
 2 SYSTEMPATH\Exceptions\PageNotFoundException.php(59): CodeIgniter\Config\BaseService::__callStatic('language', [...])
 3 SYSTEMPATH\Exceptions\PageNotFoundException.php(45): CodeIgniter\Exceptions\PageNotFoundException::lang('HTTP.methodNotFound', [...])
 4 SYSTEMPATH\CodeIgniter.php(476): CodeIgniter\Exceptions\PageNotFoundException::forMethodNotFound('path-to-confirm-image')
 5 SYSTEMPATH\CodeIgniter.php(351): CodeIgniter\CodeIgniter->handleRequest(null, Object(Config\Cache), false)
 6 FCPATH\index.php(67): CodeIgniter\CodeIgniter->run()
CRITICAL - 2023-06-06 07:29:11 --> Class "CodeIgniter\Language\Language" not found
in SYSTEMPATH\Config\Services.php on line 376.
 1 SYSTEMPATH\Config\BaseService.php(253): CodeIgniter\Config\Services::language('en', false)
 2 SYSTEMPATH\Exceptions\PageNotFoundException.php(59): CodeIgniter\Config\BaseService::__callStatic('language', [...])
 3 SYSTEMPATH\Exceptions\PageNotFoundException.php(45): CodeIgniter\Exceptions\PageNotFoundException::lang('HTTP.methodNotFound', [...])
 4 SYSTEMPATH\CodeIgniter.php(476): CodeIgniter\Exceptions\PageNotFoundException::forMethodNotFound('path-to-cancel-image')
 5 SYSTEMPATH\CodeIgniter.php(351): CodeIgniter\CodeIgniter->handleRequest(null, Object(Config\Cache), false)
 6 FCPATH\index.php(67): CodeIgniter\CodeIgniter->run()
CRITICAL - 2023-06-06 07:41:33 --> Class "CodeIgniter\Language\Language" not found
in SYSTEMPATH\Config\Services.php on line 376.
 1 SYSTEMPATH\Config\BaseService.php(253): CodeIgniter\Config\Services::language('en', false)
 2 SYSTEMPATH\Exceptions\PageNotFoundException.php(59): CodeIgniter\Config\BaseService::__callStatic('language', [...])
 3 SYSTEMPATH\Exceptions\PageNotFoundException.php(45): CodeIgniter\Exceptions\PageNotFoundException::lang('HTTP.methodNotFound', [...])
 4 SYSTEMPATH\CodeIgniter.php(476): CodeIgniter\Exceptions\PageNotFoundException::forMethodNotFound('images')
 5 SYSTEMPATH\CodeIgniter.php(351): CodeIgniter\CodeIgniter->handleRequest(null, Object(Config\Cache), false)
 6 FCPATH\index.php(67): CodeIgniter\CodeIgniter->run()
CRITICAL - 2023-06-06 21:32:50 --> Class "CodeIgniter\Language\Language" not found
in SYSTEMPATH\Config\Services.php on line 376.
 1 SYSTEMPATH\Config\BaseService.php(253): CodeIgniter\Config\Services::language('en', false)
 2 SYSTEMPATH\Exceptions\PageNotFoundException.php(59): CodeIgniter\Config\BaseService::__callStatic('language', [...])
 3 SYSTEMPATH\Exceptions\PageNotFoundException.php(45): CodeIgniter\Exceptions\PageNotFoundException::lang('HTTP.methodNotFound', [...])
 4 SYSTEMPATH\CodeIgniter.php(476): CodeIgniter\Exceptions\PageNotFoundException::forMethodNotFound('images')
 5 SYSTEMPATH\CodeIgniter.php(351): CodeIgniter\CodeIgniter->handleRequest(null, Object(Config\Cache), false)
 6 FCPATH\index.php(67): CodeIgniter\CodeIgniter->run()
