CRITICAL - 2022-12-03 10:39:51 --> syntax error, unexpected token "public", expecting ")"
in APPPATH\Views\pages\beranda.php on line 153.
 1 SYSTEMPATH\View\View.php(216): CodeIgniter\View\View->CodeIgniter\View\{closure}()
 2 SYSTEMPATH\Common.php(1134): CodeIgniter\View\View->render('pages/beranda', [], true)
 3 APPPATH\Controllers\Pelanggan.php(9): view('pages/beranda')
 4 SYSTEMPATH\CodeIgniter.php(927): App\Controllers\Pelanggan->index()
 5 SYSTEMPATH\CodeIgniter.php(482): CodeIgniter\CodeIgniter->runController(Object(App\Controllers\Pelanggan))
 6 SYSTEMPATH\CodeIgniter.php(351): CodeIgniter\CodeIgniter->handleRequest(null, Object(Config\Cache), false)
 7 FCPATH\index.php(67): CodeIgniter\CodeIgniter->run()
CRITICAL - 2022-12-03 10:52:56 --> Call to undefined method CodeIgniter\View\View::extends()
in APPPATH\Views\pages\beranda.php on line 1.
 1 SYSTEMPATH\View\View.php(213): include()
 2 SYSTEMPATH\View\View.php(216): CodeIgniter\View\View->CodeIgniter\View\{closure}()
 3 SYSTEMPATH\Common.php(1134): CodeIgniter\View\View->render('pages/beranda', [], true)
 4 APPPATH\Controllers\Pelanggan.php(9): view('pages/beranda')
 5 SYSTEMPATH\CodeIgniter.php(927): App\Controllers\Pelanggan->index()
 6 SYSTEMPATH\CodeIgniter.php(482): CodeIgniter\CodeIgniter->runController(Object(App\Controllers\Pelanggan))
 7 SYSTEMPATH\CodeIgniter.php(351): CodeIgniter\CodeIgniter->handleRequest(null, Object(Config\Cache), false)
 8 FCPATH\index.php(67): CodeIgniter\CodeIgniter->run()
CRITICAL - 2022-12-03 10:53:00 --> Call to undefined method CodeIgniter\View\View::extends()
in APPPATH\Views\pages\beranda.php on line 1.
 1 SYSTEMPATH\View\View.php(213): include()
 2 SYSTEMPATH\View\View.php(216): CodeIgniter\View\View->CodeIgniter\View\{closure}()
 3 SYSTEMPATH\Common.php(1134): CodeIgniter\View\View->render('pages/beranda', [], true)
 4 APPPATH\Controllers\Pelanggan.php(9): view('pages/beranda')
 5 SYSTEMPATH\CodeIgniter.php(927): App\Controllers\Pelanggan->index()
 6 SYSTEMPATH\CodeIgniter.php(482): CodeIgniter\CodeIgniter->runController(Object(App\Controllers\Pelanggan))
 7 SYSTEMPATH\CodeIgniter.php(351): CodeIgniter\CodeIgniter->handleRequest(null, Object(Config\Cache), false)
 8 FCPATH\index.php(67): CodeIgniter\CodeIgniter->run()
CRITICAL - 2022-12-03 10:53:25 --> Call to undefined method CodeIgniter\View\View::extends()
in APPPATH\Views\pages\beranda.php on line 1.
 1 SYSTEMPATH\View\View.php(213): include()
 2 SYSTEMPATH\View\View.php(216): CodeIgniter\View\View->CodeIgniter\View\{closure}()
 3 SYSTEMPATH\Common.php(1134): CodeIgniter\View\View->render('pages/beranda', [], true)
 4 APPPATH\Controllers\Pelanggan.php(9): view('pages/beranda')
 5 SYSTEMPATH\CodeIgniter.php(927): App\Controllers\Pelanggan->index()
 6 SYSTEMPATH\CodeIgniter.php(482): CodeIgniter\CodeIgniter->runController(Object(App\Controllers\Pelanggan))
 7 SYSTEMPATH\CodeIgniter.php(351): CodeIgniter\CodeIgniter->handleRequest(null, Object(Config\Cache), false)
 8 FCPATH\index.php(67): CodeIgniter\CodeIgniter->run()
CRITICAL - 2022-12-03 10:53:58 --> Call to undefined method CodeIgniter\View\View::sectiom()
in APPPATH\Views\pages\beranda.php on line 3.
 1 SYSTEMPATH\View\View.php(213): include()
 2 SYSTEMPATH\View\View.php(216): CodeIgniter\View\View->CodeIgniter\View\{closure}()
 3 SYSTEMPATH\Common.php(1134): CodeIgniter\View\View->render('pages/beranda', [], true)
 4 APPPATH\Controllers\Pelanggan.php(9): view('pages/beranda')
 5 SYSTEMPATH\CodeIgniter.php(927): App\Controllers\Pelanggan->index()
 6 SYSTEMPATH\CodeIgniter.php(482): CodeIgniter\CodeIgniter->runController(Object(App\Controllers\Pelanggan))
 7 SYSTEMPATH\CodeIgniter.php(351): CodeIgniter\CodeIgniter->handleRequest(null, Object(Config\Cache), false)
 8 FCPATH\index.php(67): CodeIgniter\CodeIgniter->run()
