CRITICAL - 2022-12-15 19:25:36 --> Undefined array key "Nama"
in APPPATH\Views\pages\KonfirmasiBook.php on line 20.
 1 APPPATH\Views\pages\KonfirmasiBook.php(20): CodeIgniter\Debug\Exceptions->errorHandler(2, 'Undefined array key "Nama"', 'APPPATH\\Views\\pages\\KonfirmasiBook.php', 20)
 2 SYSTEMPATH\View\View.php(213): include('APPPATH\\Views\\pages\\KonfirmasiBook.php')
 3 SYSTEMPATH\View\View.php(216): CodeIgniter\View\View->CodeIgniter\View\{closure}()
 4 SYSTEMPATH\Common.php(1134): CodeIgniter\View\View->render('/pages/KonfirmasiBook', [], true)
 5 APPPATH\Controllers\Booking.php(49): view('/pages/KonfirmasiBook', [...])
 6 SYSTEMPATH\CodeIgniter.php(927): App\Controllers\Booking->konfirmasiBook()
 7 SYSTEMPATH\CodeIgniter.php(482): CodeIgniter\CodeIgniter->runController(Object(App\Controllers\Booking))
 8 SYSTEMPATH\CodeIgniter.php(351): CodeIgniter\CodeIgniter->handleRequest(null, Object(Config\Cache), false)
 9 FCPATH\index.php(67): CodeIgniter\CodeIgniter->run()
CRITICAL - 2022-12-15 20:00:20 --> Undefined array key 0
in APPPATH\Views\pages\KonfirmasiBook.php on line 20.
 1 APPPATH\Views\pages\KonfirmasiBook.php(20): CodeIgniter\Debug\Exceptions->errorHandler(2, 'Undefined array key 0', 'APPPATH\\Views\\pages\\KonfirmasiBook.php', 20)
 2 SYSTEMPATH\View\View.php(213): include('APPPATH\\Views\\pages\\KonfirmasiBook.php')
 3 SYSTEMPATH\View\View.php(216): CodeIgniter\View\View->CodeIgniter\View\{closure}()
 4 SYSTEMPATH\Common.php(1134): CodeIgniter\View\View->render('/pages/KonfirmasiBook', [], true)
 5 APPPATH\Controllers\Booking.php(49): view('/pages/KonfirmasiBook', [...])
 6 SYSTEMPATH\CodeIgniter.php(927): App\Controllers\Booking->konfirmasiBook()
 7 SYSTEMPATH\CodeIgniter.php(482): CodeIgniter\CodeIgniter->runController(Object(App\Controllers\Booking))
 8 SYSTEMPATH\CodeIgniter.php(351): CodeIgniter\CodeIgniter->handleRequest(null, Object(Config\Cache), false)
 9 FCPATH\index.php(67): CodeIgniter\CodeIgniter->run()
