CRITICAL - 2023-01-14 22:49:28 --> Undefined array key "Layanan"
in APPPATH\Views\admin\Data_booking.php on line 37.
 1 APPPATH\Views\admin\Data_booking.php(37): CodeIgniter\Debug\Exceptions->errorHandler(2, 'Undefined array key "Layanan"', 'APPPATH\\Views\\admin\\Data_booking.php', 37)
 2 SYSTEMPATH\View\View.php(213): include('APPPATH\\Views\\admin\\Data_booking.php')
 3 SYSTEMPATH\View\View.php(216): CodeIgniter\View\View->CodeIgniter\View\{closure}()
 4 SYSTEMPATH\Common.php(1134): CodeIgniter\View\View->render('admin/Data_booking', [], true)
 5 APPPATH\Controllers\Admin\Data_booking.php(26): view('admin/Data_booking', [...])
 6 SYSTEMPATH\CodeIgniter.php(927): App\Controllers\Admin\Data_booking->index()
 7 SYSTEMPATH\CodeIgniter.php(482): CodeIgniter\CodeIgniter->runController(Object(App\Controllers\Admin\Data_booking))
 8 SYSTEMPATH\CodeIgniter.php(351): CodeIgniter\CodeIgniter->handleRequest(null, Object(Config\Cache), false)
 9 FCPATH\index.php(67): CodeIgniter\CodeIgniter->run()
CRITICAL - 2023-01-14 22:49:31 --> Undefined array key "Layanan"
in APPPATH\Views\admin\Data_booking.php on line 37.
 1 APPPATH\Views\admin\Data_booking.php(37): CodeIgniter\Debug\Exceptions->errorHandler(2, 'Undefined array key "Layanan"', 'APPPATH\\Views\\admin\\Data_booking.php', 37)
 2 SYSTEMPATH\View\View.php(213): include('APPPATH\\Views\\admin\\Data_booking.php')
 3 SYSTEMPATH\View\View.php(216): CodeIgniter\View\View->CodeIgniter\View\{closure}()
 4 SYSTEMPATH\Common.php(1134): CodeIgniter\View\View->render('admin/Data_booking', [], true)
 5 APPPATH\Controllers\Admin\Data_booking.php(26): view('admin/Data_booking', [...])
 6 SYSTEMPATH\CodeIgniter.php(927): App\Controllers\Admin\Data_booking->index()
 7 SYSTEMPATH\CodeIgniter.php(482): CodeIgniter\CodeIgniter->runController(Object(App\Controllers\Admin\Data_booking))
 8 SYSTEMPATH\CodeIgniter.php(351): CodeIgniter\CodeIgniter->handleRequest(null, Object(Config\Cache), false)
 9 FCPATH\index.php(67): CodeIgniter\CodeIgniter->run()
CRITICAL - 2023-01-14 22:49:42 --> Undefined array key "Layanan"
in APPPATH\Views\admin\Data_booking.php on line 37.
 1 APPPATH\Views\admin\Data_booking.php(37): CodeIgniter\Debug\Exceptions->errorHandler(2, 'Undefined array key "Layanan"', 'APPPATH\\Views\\admin\\Data_booking.php', 37)
 2 SYSTEMPATH\View\View.php(213): include('APPPATH\\Views\\admin\\Data_booking.php')
 3 SYSTEMPATH\View\View.php(216): CodeIgniter\View\View->CodeIgniter\View\{closure}()
 4 SYSTEMPATH\Common.php(1134): CodeIgniter\View\View->render('admin/Data_booking', [], true)
 5 APPPATH\Controllers\Admin\Data_booking.php(26): view('admin/Data_booking', [...])
 6 SYSTEMPATH\CodeIgniter.php(927): App\Controllers\Admin\Data_booking->index()
 7 SYSTEMPATH\CodeIgniter.php(482): CodeIgniter\CodeIgniter->runController(Object(App\Controllers\Admin\Data_booking))
 8 SYSTEMPATH\CodeIgniter.php(351): CodeIgniter\CodeIgniter->handleRequest(null, Object(Config\Cache), false)
 9 FCPATH\index.php(67): CodeIgniter\CodeIgniter->run()
CRITICAL - 2023-01-14 22:53:37 --> Undefined array key "Layanan"
in APPPATH\Views\admin\Data_booking.php on line 37.
 1 APPPATH\Views\admin\Data_booking.php(37): CodeIgniter\Debug\Exceptions->errorHandler(2, 'Undefined array key "Layanan"', 'APPPATH\\Views\\admin\\Data_booking.php', 37)
 2 SYSTEMPATH\View\View.php(213): include('APPPATH\\Views\\admin\\Data_booking.php')
 3 SYSTEMPATH\View\View.php(216): CodeIgniter\View\View->CodeIgniter\View\{closure}()
 4 SYSTEMPATH\Common.php(1134): CodeIgniter\View\View->render('admin/Data_booking', [], true)
 5 APPPATH\Controllers\Admin\Data_booking.php(26): view('admin/Data_booking', [...])
 6 SYSTEMPATH\CodeIgniter.php(927): App\Controllers\Admin\Data_booking->index()
 7 SYSTEMPATH\CodeIgniter.php(482): CodeIgniter\CodeIgniter->runController(Object(App\Controllers\Admin\Data_booking))
 8 SYSTEMPATH\CodeIgniter.php(351): CodeIgniter\CodeIgniter->handleRequest(null, Object(Config\Cache), false)
 9 FCPATH\index.php(67): CodeIgniter\CodeIgniter->run()
CRITICAL - 2023-01-14 23:00:59 --> Undefined array key "id_Layanan"
in APPPATH\Views\admin\Data_booking.php on line 37.
 1 APPPATH\Views\admin\Data_booking.php(37): CodeIgniter\Debug\Exceptions->errorHandler(2, 'Undefined array key "id_Layanan"', 'APPPATH\\Views\\admin\\Data_booking.php', 37)
 2 SYSTEMPATH\View\View.php(213): include('APPPATH\\Views\\admin\\Data_booking.php')
 3 SYSTEMPATH\View\View.php(216): CodeIgniter\View\View->CodeIgniter\View\{closure}()
 4 SYSTEMPATH\Common.php(1134): CodeIgniter\View\View->render('admin/Data_booking', [], true)
 5 APPPATH\Controllers\Admin\Data_booking.php(26): view('admin/Data_booking', [...])
 6 SYSTEMPATH\CodeIgniter.php(927): App\Controllers\Admin\Data_booking->index()
 7 SYSTEMPATH\CodeIgniter.php(482): CodeIgniter\CodeIgniter->runController(Object(App\Controllers\Admin\Data_booking))
 8 SYSTEMPATH\CodeIgniter.php(351): CodeIgniter\CodeIgniter->handleRequest(null, Object(Config\Cache), false)
 9 FCPATH\index.php(67): CodeIgniter\CodeIgniter->run()
