ERROR - 2022-12-18 03:10:07 --> mysqli_sql_exception: Cannot add or update a child row: a foreign key constraint fails (`salonungu`.`booking`, CONSTRAINT `booking_ibfk_2` FOREIGN KEY (`id_pelanggan`) REFERENCES `pelanggan` (`id_pelanggan`) ON DELETE CASCADE ON UPDATE CASCADE) in C:\xampp\htdocs\SalonUngu\system\Database\MySQLi\Connection.php:292
Stack trace:
#0 C:\xampp\htdocs\SalonUngu\system\Database\MySQLi\Connection.php(292): mysqli->query('INSERT INTO boo...', 0)
#1 C:\xampp\htdocs\SalonUngu\system\Database\BaseConnection.php(666): CodeIgniter\Database\MySQLi\Connection->execute('INSERT INTO boo...')
#2 C:\xampp\htdocs\SalonUngu\system\Database\BaseConnection.php(593): CodeIgniter\Database\BaseConnection->simpleQuery('INSERT INTO boo...')
#3 C:\xampp\htdocs\SalonUngu\app\Models\PenggunaModel.php(70): CodeIgniter\Database\BaseConnection->query('INSERT INTO boo...')
#4 C:\xampp\htdocs\SalonUngu\app\Controllers\Booking.php(39): App\Models\PenggunaModel->insertdatabooking()
#5 C:\xampp\htdocs\SalonUngu\system\CodeIgniter.php(927): App\Controllers\Booking->aksi_booking()
#6 C:\xampp\htdocs\SalonUngu\system\CodeIgniter.php(482): CodeIgniter\CodeIgniter->runController(Object(App\Controllers\Booking))
#7 C:\xampp\htdocs\SalonUngu\system\CodeIgniter.php(351): CodeIgniter\CodeIgniter->handleRequest(NULL, Object(Config\Cache), false)
#8 C:\xampp\htdocs\SalonUngu\index.php(67): CodeIgniter\CodeIgniter->run()
#9 {main}
CRITICAL - 2022-12-18 03:10:07 --> Cannot add or update a child row: a foreign key constraint fails (`salonungu`.`booking`, CONSTRAINT `booking_ibfk_2` FOREIGN KEY (`id_pelanggan`) REFERENCES `pelanggan` (`id_pelanggan`) ON DELETE CASCADE ON UPDATE CASCADE)
in SYSTEMPATH\Database\MySQLi\Connection.php on line 292.
 1 SYSTEMPATH\Database\MySQLi\Connection.php(292): mysqli->query('INSERT INTO booking(Nama, Layanan, Tanggal_Booking, Jam_Booking, Catatan)
                     VALUES(\'Rafif\', \'Blow\', \'2022-12-24\', \'17:13\', \'cepat ya mas\')', 0)
 2 SYSTEMPATH\Database\BaseConnection.php(666): CodeIgniter\Database\MySQLi\Connection->execute('INSERT INTO booking(Nama, Layanan, Tanggal_Booking, Jam_Booking, Catatan)
                     VALUES(\'Rafif\', \'Blow\', \'2022-12-24\', \'17:13\', \'cepat ya mas\')')
 3 SYSTEMPATH\Database\BaseConnection.php(593): CodeIgniter\Database\BaseConnection->simpleQuery('INSERT INTO booking(Nama, Layanan, Tanggal_Booking, Jam_Booking, Catatan)
                     VALUES(\'Rafif\', \'Blow\', \'2022-12-24\', \'17:13\', \'cepat ya mas\')')
 4 APPPATH\Models\PenggunaModel.php(70): CodeIgniter\Database\BaseConnection->query('INSERT INTO booking(Nama, Layanan, Tanggal_Booking, Jam_Booking, Catatan)
                     VALUES(\'Rafif\', \'Blow\', \'2022-12-24\', \'17:13\', \'cepat ya mas\')')
 5 APPPATH\Controllers\Booking.php(39): App\Models\PenggunaModel->insertdatabooking()
 6 SYSTEMPATH\CodeIgniter.php(927): App\Controllers\Booking->aksi_booking()
 7 SYSTEMPATH\CodeIgniter.php(482): CodeIgniter\CodeIgniter->runController(Object(App\Controllers\Booking))
 8 SYSTEMPATH\CodeIgniter.php(351): CodeIgniter\CodeIgniter->handleRequest(null, Object(Config\Cache), false)
 9 FCPATH\index.php(67): CodeIgniter\CodeIgniter->run()
ERROR - 2022-12-18 03:58:22 --> mysqli_sql_exception: Cannot add or update a child row: a foreign key constraint fails (`salonungu`.`booking`, CONSTRAINT `booking_ibfk_3` FOREIGN KEY (`id_pelanggan`) REFERENCES `pelanggan` (`id_pelanggan`) ON DELETE CASCADE ON UPDATE CASCADE) in C:\xampp\htdocs\SalonUngu\system\Database\MySQLi\Connection.php:292
Stack trace:
#0 C:\xampp\htdocs\SalonUngu\system\Database\MySQLi\Connection.php(292): mysqli->query('INSERT INTO boo...', 0)
#1 C:\xampp\htdocs\SalonUngu\system\Database\BaseConnection.php(666): CodeIgniter\Database\MySQLi\Connection->execute('INSERT INTO boo...')
#2 C:\xampp\htdocs\SalonUngu\system\Database\BaseConnection.php(593): CodeIgniter\Database\BaseConnection->simpleQuery('INSERT INTO boo...')
#3 C:\xampp\htdocs\SalonUngu\app\Models\PenggunaModel.php(70): CodeIgniter\Database\BaseConnection->query('INSERT INTO boo...')
#4 C:\xampp\htdocs\SalonUngu\app\Controllers\Booking.php(39): App\Models\PenggunaModel->insertdatabooking()
#5 C:\xampp\htdocs\SalonUngu\system\CodeIgniter.php(927): App\Controllers\Booking->aksi_booking()
#6 C:\xampp\htdocs\SalonUngu\system\CodeIgniter.php(482): CodeIgniter\CodeIgniter->runController(Object(App\Controllers\Booking))
#7 C:\xampp\htdocs\SalonUngu\system\CodeIgniter.php(351): CodeIgniter\CodeIgniter->handleRequest(NULL, Object(Config\Cache), false)
#8 C:\xampp\htdocs\SalonUngu\index.php(67): CodeIgniter\CodeIgniter->run()
#9 {main}
CRITICAL - 2022-12-18 03:58:22 --> Cannot add or update a child row: a foreign key constraint fails (`salonungu`.`booking`, CONSTRAINT `booking_ibfk_3` FOREIGN KEY (`id_pelanggan`) REFERENCES `pelanggan` (`id_pelanggan`) ON DELETE CASCADE ON UPDATE CASCADE)
in SYSTEMPATH\Database\MySQLi\Connection.php on line 292.
 1 SYSTEMPATH\Database\MySQLi\Connection.php(292): mysqli->query('INSERT INTO booking(Nama, Layanan, Tanggal_Booking, Jam_Booking, Catatan)
                     VALUES(\'Rafif\', \'Blow\', \'2022-12-24\', \'17:13\', \'cepat ya mas\')', 0)
 2 SYSTEMPATH\Database\BaseConnection.php(666): CodeIgniter\Database\MySQLi\Connection->execute('INSERT INTO booking(Nama, Layanan, Tanggal_Booking, Jam_Booking, Catatan)
                     VALUES(\'Rafif\', \'Blow\', \'2022-12-24\', \'17:13\', \'cepat ya mas\')')
 3 SYSTEMPATH\Database\BaseConnection.php(593): CodeIgniter\Database\BaseConnection->simpleQuery('INSERT INTO booking(Nama, Layanan, Tanggal_Booking, Jam_Booking, Catatan)
                     VALUES(\'Rafif\', \'Blow\', \'2022-12-24\', \'17:13\', \'cepat ya mas\')')
 4 APPPATH\Models\PenggunaModel.php(70): CodeIgniter\Database\BaseConnection->query('INSERT INTO booking(Nama, Layanan, Tanggal_Booking, Jam_Booking, Catatan)
                     VALUES(\'Rafif\', \'Blow\', \'2022-12-24\', \'17:13\', \'cepat ya mas\')')
 5 APPPATH\Controllers\Booking.php(39): App\Models\PenggunaModel->insertdatabooking()
 6 SYSTEMPATH\CodeIgniter.php(927): App\Controllers\Booking->aksi_booking()
 7 SYSTEMPATH\CodeIgniter.php(482): CodeIgniter\CodeIgniter->runController(Object(App\Controllers\Booking))
 8 SYSTEMPATH\CodeIgniter.php(351): CodeIgniter\CodeIgniter->handleRequest(null, Object(Config\Cache), false)
 9 FCPATH\index.php(67): CodeIgniter\CodeIgniter->run()
ERROR - 2022-12-18 03:58:30 --> mysqli_sql_exception: Cannot add or update a child row: a foreign key constraint fails (`salonungu`.`booking`, CONSTRAINT `booking_ibfk_3` FOREIGN KEY (`id_pelanggan`) REFERENCES `pelanggan` (`id_pelanggan`) ON DELETE CASCADE ON UPDATE CASCADE) in C:\xampp\htdocs\SalonUngu\system\Database\MySQLi\Connection.php:292
Stack trace:
#0 C:\xampp\htdocs\SalonUngu\system\Database\MySQLi\Connection.php(292): mysqli->query('INSERT INTO boo...', 0)
#1 C:\xampp\htdocs\SalonUngu\system\Database\BaseConnection.php(666): CodeIgniter\Database\MySQLi\Connection->execute('INSERT INTO boo...')
#2 C:\xampp\htdocs\SalonUngu\system\Database\BaseConnection.php(593): CodeIgniter\Database\BaseConnection->simpleQuery('INSERT INTO boo...')
#3 C:\xampp\htdocs\SalonUngu\app\Models\PenggunaModel.php(70): CodeIgniter\Database\BaseConnection->query('INSERT INTO boo...')
#4 C:\xampp\htdocs\SalonUngu\app\Controllers\Booking.php(39): App\Models\PenggunaModel->insertdatabooking()
#5 C:\xampp\htdocs\SalonUngu\system\CodeIgniter.php(927): App\Controllers\Booking->aksi_booking()
#6 C:\xampp\htdocs\SalonUngu\system\CodeIgniter.php(482): CodeIgniter\CodeIgniter->runController(Object(App\Controllers\Booking))
#7 C:\xampp\htdocs\SalonUngu\system\CodeIgniter.php(351): CodeIgniter\CodeIgniter->handleRequest(NULL, Object(Config\Cache), false)
#8 C:\xampp\htdocs\SalonUngu\index.php(67): CodeIgniter\CodeIgniter->run()
#9 {main}
CRITICAL - 2022-12-18 03:58:30 --> Cannot add or update a child row: a foreign key constraint fails (`salonungu`.`booking`, CONSTRAINT `booking_ibfk_3` FOREIGN KEY (`id_pelanggan`) REFERENCES `pelanggan` (`id_pelanggan`) ON DELETE CASCADE ON UPDATE CASCADE)
in SYSTEMPATH\Database\MySQLi\Connection.php on line 292.
 1 SYSTEMPATH\Database\MySQLi\Connection.php(292): mysqli->query('INSERT INTO booking(Nama, Layanan, Tanggal_Booking, Jam_Booking, Catatan)
                     VALUES(\'Rafif\', \'Blow\', \'2022-12-24\', \'17:13\', \'cepat ya mas\')', 0)
 2 SYSTEMPATH\Database\BaseConnection.php(666): CodeIgniter\Database\MySQLi\Connection->execute('INSERT INTO booking(Nama, Layanan, Tanggal_Booking, Jam_Booking, Catatan)
                     VALUES(\'Rafif\', \'Blow\', \'2022-12-24\', \'17:13\', \'cepat ya mas\')')
 3 SYSTEMPATH\Database\BaseConnection.php(593): CodeIgniter\Database\BaseConnection->simpleQuery('INSERT INTO booking(Nama, Layanan, Tanggal_Booking, Jam_Booking, Catatan)
                     VALUES(\'Rafif\', \'Blow\', \'2022-12-24\', \'17:13\', \'cepat ya mas\')')
 4 APPPATH\Models\PenggunaModel.php(70): CodeIgniter\Database\BaseConnection->query('INSERT INTO booking(Nama, Layanan, Tanggal_Booking, Jam_Booking, Catatan)
                     VALUES(\'Rafif\', \'Blow\', \'2022-12-24\', \'17:13\', \'cepat ya mas\')')
 5 APPPATH\Controllers\Booking.php(39): App\Models\PenggunaModel->insertdatabooking()
 6 SYSTEMPATH\CodeIgniter.php(927): App\Controllers\Booking->aksi_booking()
 7 SYSTEMPATH\CodeIgniter.php(482): CodeIgniter\CodeIgniter->runController(Object(App\Controllers\Booking))
 8 SYSTEMPATH\CodeIgniter.php(351): CodeIgniter\CodeIgniter->handleRequest(null, Object(Config\Cache), false)
 9 FCPATH\index.php(67): CodeIgniter\CodeIgniter->run()
ERROR - 2022-12-18 04:00:05 --> mysqli_sql_exception: Cannot add or update a child row: a foreign key constraint fails (`salonungu`.`booking`, CONSTRAINT `booking_ibfk_3` FOREIGN KEY (`id_pelanggan`) REFERENCES `pelanggan` (`id_pelanggan`) ON DELETE CASCADE ON UPDATE CASCADE) in C:\xampp\htdocs\SalonUngu\system\Database\MySQLi\Connection.php:292
Stack trace:
#0 C:\xampp\htdocs\SalonUngu\system\Database\MySQLi\Connection.php(292): mysqli->query('INSERT INTO boo...', 0)
#1 C:\xampp\htdocs\SalonUngu\system\Database\BaseConnection.php(666): CodeIgniter\Database\MySQLi\Connection->execute('INSERT INTO boo...')
#2 C:\xampp\htdocs\SalonUngu\system\Database\BaseConnection.php(593): CodeIgniter\Database\BaseConnection->simpleQuery('INSERT INTO boo...')
#3 C:\xampp\htdocs\SalonUngu\app\Models\PenggunaModel.php(70): CodeIgniter\Database\BaseConnection->query('INSERT INTO boo...')
#4 C:\xampp\htdocs\SalonUngu\app\Controllers\Booking.php(39): App\Models\PenggunaModel->insertdatabooking()
#5 C:\xampp\htdocs\SalonUngu\system\CodeIgniter.php(927): App\Controllers\Booking->aksi_booking()
#6 C:\xampp\htdocs\SalonUngu\system\CodeIgniter.php(482): CodeIgniter\CodeIgniter->runController(Object(App\Controllers\Booking))
#7 C:\xampp\htdocs\SalonUngu\system\CodeIgniter.php(351): CodeIgniter\CodeIgniter->handleRequest(NULL, Object(Config\Cache), false)
#8 C:\xampp\htdocs\SalonUngu\index.php(67): CodeIgniter\CodeIgniter->run()
#9 {main}
CRITICAL - 2022-12-18 04:00:05 --> Cannot add or update a child row: a foreign key constraint fails (`salonungu`.`booking`, CONSTRAINT `booking_ibfk_3` FOREIGN KEY (`id_pelanggan`) REFERENCES `pelanggan` (`id_pelanggan`) ON DELETE CASCADE ON UPDATE CASCADE)
in SYSTEMPATH\Database\MySQLi\Connection.php on line 292.
 1 SYSTEMPATH\Database\MySQLi\Connection.php(292): mysqli->query('INSERT INTO booking(Nama, Layanan, Tanggal_Booking, Jam_Booking, Catatan)
                     VALUES(\'Rafif\', \'Blow\', \'2022-12-24\', \'17:13\', \'cepat ya mas\')', 0)
 2 SYSTEMPATH\Database\BaseConnection.php(666): CodeIgniter\Database\MySQLi\Connection->execute('INSERT INTO booking(Nama, Layanan, Tanggal_Booking, Jam_Booking, Catatan)
                     VALUES(\'Rafif\', \'Blow\', \'2022-12-24\', \'17:13\', \'cepat ya mas\')')
 3 SYSTEMPATH\Database\BaseConnection.php(593): CodeIgniter\Database\BaseConnection->simpleQuery('INSERT INTO booking(Nama, Layanan, Tanggal_Booking, Jam_Booking, Catatan)
                     VALUES(\'Rafif\', \'Blow\', \'2022-12-24\', \'17:13\', \'cepat ya mas\')')
 4 APPPATH\Models\PenggunaModel.php(70): CodeIgniter\Database\BaseConnection->query('INSERT INTO booking(Nama, Layanan, Tanggal_Booking, Jam_Booking, Catatan)
                     VALUES(\'Rafif\', \'Blow\', \'2022-12-24\', \'17:13\', \'cepat ya mas\')')
 5 APPPATH\Controllers\Booking.php(39): App\Models\PenggunaModel->insertdatabooking()
 6 SYSTEMPATH\CodeIgniter.php(927): App\Controllers\Booking->aksi_booking()
 7 SYSTEMPATH\CodeIgniter.php(482): CodeIgniter\CodeIgniter->runController(Object(App\Controllers\Booking))
 8 SYSTEMPATH\CodeIgniter.php(351): CodeIgniter\CodeIgniter->handleRequest(null, Object(Config\Cache), false)
 9 FCPATH\index.php(67): CodeIgniter\CodeIgniter->run()
CRITICAL - 2022-12-18 04:25:00 --> Attempt to read property "id_layanan" on array
in APPPATH\Views\pages\Booking.php on line 20.
 1 APPPATH\Views\pages\Booking.php(20): CodeIgniter\Debug\Exceptions->errorHandler(2, 'Attempt to read property "id_layanan" on array', 'APPPATH\\Views\\pages\\Booking.php', 20)
 2 SYSTEMPATH\View\View.php(213): include('APPPATH\\Views\\pages\\Booking.php')
 3 SYSTEMPATH\View\View.php(216): CodeIgniter\View\View->CodeIgniter\View\{closure}()
 4 SYSTEMPATH\Common.php(1134): CodeIgniter\View\View->render('pages/Booking', [], true)
 5 APPPATH\Controllers\Booking.php(34): view('pages/Booking', [...])
 6 SYSTEMPATH\CodeIgniter.php(927): App\Controllers\Booking->booking()
 7 SYSTEMPATH\CodeIgniter.php(482): CodeIgniter\CodeIgniter->runController(Object(App\Controllers\Booking))
 8 SYSTEMPATH\CodeIgniter.php(351): CodeIgniter\CodeIgniter->handleRequest(null, Object(Config\Cache), false)
 9 FCPATH\index.php(67): CodeIgniter\CodeIgniter->run()
CRITICAL - 2022-12-18 04:25:03 --> Attempt to read property "id_layanan" on array
in APPPATH\Views\pages\Booking.php on line 20.
 1 APPPATH\Views\pages\Booking.php(20): CodeIgniter\Debug\Exceptions->errorHandler(2, 'Attempt to read property "id_layanan" on array', 'APPPATH\\Views\\pages\\Booking.php', 20)
 2 SYSTEMPATH\View\View.php(213): include('APPPATH\\Views\\pages\\Booking.php')
 3 SYSTEMPATH\View\View.php(216): CodeIgniter\View\View->CodeIgniter\View\{closure}()
 4 SYSTEMPATH\Common.php(1134): CodeIgniter\View\View->render('pages/Booking', [], true)
 5 APPPATH\Controllers\Booking.php(34): view('pages/Booking', [...])
 6 SYSTEMPATH\CodeIgniter.php(927): App\Controllers\Booking->booking()
 7 SYSTEMPATH\CodeIgniter.php(482): CodeIgniter\CodeIgniter->runController(Object(App\Controllers\Booking))
 8 SYSTEMPATH\CodeIgniter.php(351): CodeIgniter\CodeIgniter->handleRequest(null, Object(Config\Cache), false)
 9 FCPATH\index.php(67): CodeIgniter\CodeIgniter->run()
CRITICAL - 2022-12-18 04:25:03 --> Attempt to read property "id_layanan" on array
in APPPATH\Views\pages\Booking.php on line 20.
 1 APPPATH\Views\pages\Booking.php(20): CodeIgniter\Debug\Exceptions->errorHandler(2, 'Attempt to read property "id_layanan" on array', 'APPPATH\\Views\\pages\\Booking.php', 20)
 2 SYSTEMPATH\View\View.php(213): include('APPPATH\\Views\\pages\\Booking.php')
 3 SYSTEMPATH\View\View.php(216): CodeIgniter\View\View->CodeIgniter\View\{closure}()
 4 SYSTEMPATH\Common.php(1134): CodeIgniter\View\View->render('pages/Booking', [], true)
 5 APPPATH\Controllers\Booking.php(34): view('pages/Booking', [...])
 6 SYSTEMPATH\CodeIgniter.php(927): App\Controllers\Booking->booking()
 7 SYSTEMPATH\CodeIgniter.php(482): CodeIgniter\CodeIgniter->runController(Object(App\Controllers\Booking))
 8 SYSTEMPATH\CodeIgniter.php(351): CodeIgniter\CodeIgniter->handleRequest(null, Object(Config\Cache), false)
 9 FCPATH\index.php(67): CodeIgniter\CodeIgniter->run()
CRITICAL - 2022-12-18 04:25:04 --> Attempt to read property "id_layanan" on array
in APPPATH\Views\pages\Booking.php on line 20.
 1 APPPATH\Views\pages\Booking.php(20): CodeIgniter\Debug\Exceptions->errorHandler(2, 'Attempt to read property "id_layanan" on array', 'APPPATH\\Views\\pages\\Booking.php', 20)
 2 SYSTEMPATH\View\View.php(213): include('APPPATH\\Views\\pages\\Booking.php')
 3 SYSTEMPATH\View\View.php(216): CodeIgniter\View\View->CodeIgniter\View\{closure}()
 4 SYSTEMPATH\Common.php(1134): CodeIgniter\View\View->render('pages/Booking', [], true)
 5 APPPATH\Controllers\Booking.php(34): view('pages/Booking', [...])
 6 SYSTEMPATH\CodeIgniter.php(927): App\Controllers\Booking->booking()
 7 SYSTEMPATH\CodeIgniter.php(482): CodeIgniter\CodeIgniter->runController(Object(App\Controllers\Booking))
 8 SYSTEMPATH\CodeIgniter.php(351): CodeIgniter\CodeIgniter->handleRequest(null, Object(Config\Cache), false)
 9 FCPATH\index.php(67): CodeIgniter\CodeIgniter->run()
CRITICAL - 2022-12-18 04:25:08 --> Attempt to read property "id_layanan" on array
in APPPATH\Views\pages\Booking.php on line 20.
 1 APPPATH\Views\pages\Booking.php(20): CodeIgniter\Debug\Exceptions->errorHandler(2, 'Attempt to read property "id_layanan" on array', 'APPPATH\\Views\\pages\\Booking.php', 20)
 2 SYSTEMPATH\View\View.php(213): include('APPPATH\\Views\\pages\\Booking.php')
 3 SYSTEMPATH\View\View.php(216): CodeIgniter\View\View->CodeIgniter\View\{closure}()
 4 SYSTEMPATH\Common.php(1134): CodeIgniter\View\View->render('pages/Booking', [], true)
 5 APPPATH\Controllers\Booking.php(34): view('pages/Booking', [...])
 6 SYSTEMPATH\CodeIgniter.php(927): App\Controllers\Booking->booking()
 7 SYSTEMPATH\CodeIgniter.php(482): CodeIgniter\CodeIgniter->runController(Object(App\Controllers\Booking))
 8 SYSTEMPATH\CodeIgniter.php(351): CodeIgniter\CodeIgniter->handleRequest(null, Object(Config\Cache), false)
 9 FCPATH\index.php(67): CodeIgniter\CodeIgniter->run()
CRITICAL - 2022-12-18 04:36:51 --> Undefined variable $row
in APPPATH\Views\pages\Booking.php on line 10.
 1 APPPATH\Views\pages\Booking.php(10): CodeIgniter\Debug\Exceptions->errorHandler(2, 'Undefined variable $row', 'APPPATH\\Views\\pages\\Booking.php', 10)
 2 SYSTEMPATH\View\View.php(213): include('APPPATH\\Views\\pages\\Booking.php')
 3 SYSTEMPATH\View\View.php(216): CodeIgniter\View\View->CodeIgniter\View\{closure}()
 4 SYSTEMPATH\Common.php(1134): CodeIgniter\View\View->render('pages/Booking', [], true)
 5 APPPATH\Controllers\Booking.php(34): view('pages/Booking', [...])
 6 SYSTEMPATH\CodeIgniter.php(927): App\Controllers\Booking->booking()
 7 SYSTEMPATH\CodeIgniter.php(482): CodeIgniter\CodeIgniter->runController(Object(App\Controllers\Booking))
 8 SYSTEMPATH\CodeIgniter.php(351): CodeIgniter\CodeIgniter->handleRequest(null, Object(Config\Cache), false)
 9 FCPATH\index.php(67): CodeIgniter\CodeIgniter->run()
CRITICAL - 2022-12-18 04:37:10 --> Undefined variable $row
in APPPATH\Views\pages\Booking.php on line 10.
 1 APPPATH\Views\pages\Booking.php(10): CodeIgniter\Debug\Exceptions->errorHandler(2, 'Undefined variable $row', 'APPPATH\\Views\\pages\\Booking.php', 10)
 2 SYSTEMPATH\View\View.php(213): include('APPPATH\\Views\\pages\\Booking.php')
 3 SYSTEMPATH\View\View.php(216): CodeIgniter\View\View->CodeIgniter\View\{closure}()
 4 SYSTEMPATH\Common.php(1134): CodeIgniter\View\View->render('pages/Booking', [], true)
 5 APPPATH\Controllers\Booking.php(34): view('pages/Booking', [...])
 6 SYSTEMPATH\CodeIgniter.php(927): App\Controllers\Booking->booking()
 7 SYSTEMPATH\CodeIgniter.php(482): CodeIgniter\CodeIgniter->runController(Object(App\Controllers\Booking))
 8 SYSTEMPATH\CodeIgniter.php(351): CodeIgniter\CodeIgniter->handleRequest(null, Object(Config\Cache), false)
 9 FCPATH\index.php(67): CodeIgniter\CodeIgniter->run()
CRITICAL - 2022-12-18 04:37:30 --> Undefined variable $row
in APPPATH\Views\pages\Booking.php on line 10.
 1 APPPATH\Views\pages\Booking.php(10): CodeIgniter\Debug\Exceptions->errorHandler(2, 'Undefined variable $row', 'APPPATH\\Views\\pages\\Booking.php', 10)
 2 SYSTEMPATH\View\View.php(213): include('APPPATH\\Views\\pages\\Booking.php')
 3 SYSTEMPATH\View\View.php(216): CodeIgniter\View\View->CodeIgniter\View\{closure}()
 4 SYSTEMPATH\Common.php(1134): CodeIgniter\View\View->render('pages/Booking', [], true)
 5 APPPATH\Controllers\Booking.php(34): view('pages/Booking', [...])
 6 SYSTEMPATH\CodeIgniter.php(927): App\Controllers\Booking->booking()
 7 SYSTEMPATH\CodeIgniter.php(482): CodeIgniter\CodeIgniter->runController(Object(App\Controllers\Booking))
 8 SYSTEMPATH\CodeIgniter.php(351): CodeIgniter\CodeIgniter->handleRequest(null, Object(Config\Cache), false)
 9 FCPATH\index.php(67): CodeIgniter\CodeIgniter->run()
CRITICAL - 2022-12-18 04:37:32 --> Undefined variable $row
in APPPATH\Views\pages\Booking.php on line 10.
 1 APPPATH\Views\pages\Booking.php(10): CodeIgniter\Debug\Exceptions->errorHandler(2, 'Undefined variable $row', 'APPPATH\\Views\\pages\\Booking.php', 10)
 2 SYSTEMPATH\View\View.php(213): include('APPPATH\\Views\\pages\\Booking.php')
 3 SYSTEMPATH\View\View.php(216): CodeIgniter\View\View->CodeIgniter\View\{closure}()
 4 SYSTEMPATH\Common.php(1134): CodeIgniter\View\View->render('pages/Booking', [], true)
 5 APPPATH\Controllers\Booking.php(34): view('pages/Booking', [...])
 6 SYSTEMPATH\CodeIgniter.php(927): App\Controllers\Booking->booking()
 7 SYSTEMPATH\CodeIgniter.php(482): CodeIgniter\CodeIgniter->runController(Object(App\Controllers\Booking))
 8 SYSTEMPATH\CodeIgniter.php(351): CodeIgniter\CodeIgniter->handleRequest(null, Object(Config\Cache), false)
 9 FCPATH\index.php(67): CodeIgniter\CodeIgniter->run()
CRITICAL - 2022-12-18 04:37:34 --> Undefined variable $row
in APPPATH\Views\pages\Booking.php on line 10.
 1 APPPATH\Views\pages\Booking.php(10): CodeIgniter\Debug\Exceptions->errorHandler(2, 'Undefined variable $row', 'APPPATH\\Views\\pages\\Booking.php', 10)
 2 SYSTEMPATH\View\View.php(213): include('APPPATH\\Views\\pages\\Booking.php')
 3 SYSTEMPATH\View\View.php(216): CodeIgniter\View\View->CodeIgniter\View\{closure}()
 4 SYSTEMPATH\Common.php(1134): CodeIgniter\View\View->render('pages/Booking', [], true)
 5 APPPATH\Controllers\Booking.php(34): view('pages/Booking', [...])
 6 SYSTEMPATH\CodeIgniter.php(927): App\Controllers\Booking->booking()
 7 SYSTEMPATH\CodeIgniter.php(482): CodeIgniter\CodeIgniter->runController(Object(App\Controllers\Booking))
 8 SYSTEMPATH\CodeIgniter.php(351): CodeIgniter\CodeIgniter->handleRequest(null, Object(Config\Cache), false)
 9 FCPATH\index.php(67): CodeIgniter\CodeIgniter->run()
CRITICAL - 2022-12-18 04:41:43 --> Undefined variable $layabab
in APPPATH\Views\pages\KonfirmasiBook.php on line 42.
 1 APPPATH\Views\pages\KonfirmasiBook.php(42): CodeIgniter\Debug\Exceptions->errorHandler(2, 'Undefined variable $layabab', 'APPPATH\\Views\\pages\\KonfirmasiBook.php', 42)
 2 SYSTEMPATH\View\View.php(213): include('APPPATH\\Views\\pages\\KonfirmasiBook.php')
 3 SYSTEMPATH\View\View.php(216): CodeIgniter\View\View->CodeIgniter\View\{closure}()
 4 SYSTEMPATH\Common.php(1134): CodeIgniter\View\View->render('/pages/KonfirmasiBook', [], true)
 5 APPPATH\Controllers\Booking.php(49): view('/pages/KonfirmasiBook', [...])
 6 SYSTEMPATH\CodeIgniter.php(927): App\Controllers\Booking->konfirmasiBook()
 7 SYSTEMPATH\CodeIgniter.php(482): CodeIgniter\CodeIgniter->runController(Object(App\Controllers\Booking))
 8 SYSTEMPATH\CodeIgniter.php(351): CodeIgniter\CodeIgniter->handleRequest(null, Object(Config\Cache), false)
 9 FCPATH\index.php(67): CodeIgniter\CodeIgniter->run()
