CRITICAL - 2022-12-20 09:33:00 --> Undefined variable $row
in APPPATH\Views\pages\Booking.php on line 10.
 1 APPPATH\Views\pages\Booking.php(10): CodeIgniter\Debug\Exceptions->errorHandler(2, 'Undefined variable $row', 'APPPATH\\Views\\pages\\Booking.php', 10)
 2 SYSTEMPATH\View\View.php(213): include('APPPATH\\Views\\pages\\Booking.php')
 3 SYSTEMPATH\View\View.php(216): CodeIgniter\View\View->CodeIgniter\View\{closure}()
 4 SYSTEMPATH\Common.php(1134): CodeIgniter\View\View->render('pages/Booking', [], true)
 5 APPPATH\Controllers\Booking.php(34): view('pages/Booking', [...])
 6 SYSTEMPATH\CodeIgniter.php(927): App\Controllers\Booking->booking()
 7 SYSTEMPATH\CodeIgniter.php(482): CodeIgniter\CodeIgniter->runController(Object(App\Controllers\Booking))
 8 SYSTEMPATH\CodeIgniter.php(351): CodeIgniter\CodeIgniter->handleRequest(null, Object(Config\Cache), false)
 9 FCPATH\index.php(67): CodeIgniter\CodeIgniter->run()
CRITICAL - 2022-12-20 09:33:07 --> Undefined variable $row
in APPPATH\Views\pages\Booking.php on line 10.
 1 APPPATH\Views\pages\Booking.php(10): CodeIgniter\Debug\Exceptions->errorHandler(2, 'Undefined variable $row', 'APPPATH\\Views\\pages\\Booking.php', 10)
 2 SYSTEMPATH\View\View.php(213): include('APPPATH\\Views\\pages\\Booking.php')
 3 SYSTEMPATH\View\View.php(216): CodeIgniter\View\View->CodeIgniter\View\{closure}()
 4 SYSTEMPATH\Common.php(1134): CodeIgniter\View\View->render('pages/Booking', [], true)
 5 APPPATH\Controllers\Booking.php(34): view('pages/Booking', [...])
 6 SYSTEMPATH\CodeIgniter.php(927): App\Controllers\Booking->booking()
 7 SYSTEMPATH\CodeIgniter.php(482): CodeIgniter\CodeIgniter->runController(Object(App\Controllers\Booking))
 8 SYSTEMPATH\CodeIgniter.php(351): CodeIgniter\CodeIgniter->handleRequest(null, Object(Config\Cache), false)
 9 FCPATH\index.php(67): CodeIgniter\CodeIgniter->run()
CRITICAL - 2022-12-20 09:34:56 --> Undefined variable $row
in APPPATH\Views\pages\Booking.php on line 10.
 1 APPPATH\Views\pages\Booking.php(10): CodeIgniter\Debug\Exceptions->errorHandler(2, 'Undefined variable $row', 'APPPATH\\Views\\pages\\Booking.php', 10)
 2 SYSTEMPATH\View\View.php(213): include('APPPATH\\Views\\pages\\Booking.php')
 3 SYSTEMPATH\View\View.php(216): CodeIgniter\View\View->CodeIgniter\View\{closure}()
 4 SYSTEMPATH\Common.php(1134): CodeIgniter\View\View->render('pages/Booking', [], true)
 5 APPPATH\Controllers\Booking.php(34): view('pages/Booking', [...])
 6 SYSTEMPATH\CodeIgniter.php(927): App\Controllers\Booking->booking()
 7 SYSTEMPATH\CodeIgniter.php(482): CodeIgniter\CodeIgniter->runController(Object(App\Controllers\Booking))
 8 SYSTEMPATH\CodeIgniter.php(351): CodeIgniter\CodeIgniter->handleRequest(null, Object(Config\Cache), false)
 9 FCPATH\index.php(67): CodeIgniter\CodeIgniter->run()
CRITICAL - 2022-12-20 09:34:58 --> Undefined variable $row
in APPPATH\Views\pages\Booking.php on line 10.
 1 APPPATH\Views\pages\Booking.php(10): CodeIgniter\Debug\Exceptions->errorHandler(2, 'Undefined variable $row', 'APPPATH\\Views\\pages\\Booking.php', 10)
 2 SYSTEMPATH\View\View.php(213): include('APPPATH\\Views\\pages\\Booking.php')
 3 SYSTEMPATH\View\View.php(216): CodeIgniter\View\View->CodeIgniter\View\{closure}()
 4 SYSTEMPATH\Common.php(1134): CodeIgniter\View\View->render('pages/Booking', [], true)
 5 APPPATH\Controllers\Booking.php(34): view('pages/Booking', [...])
 6 SYSTEMPATH\CodeIgniter.php(927): App\Controllers\Booking->booking()
 7 SYSTEMPATH\CodeIgniter.php(482): CodeIgniter\CodeIgniter->runController(Object(App\Controllers\Booking))
 8 SYSTEMPATH\CodeIgniter.php(351): CodeIgniter\CodeIgniter->handleRequest(null, Object(Config\Cache), false)
 9 FCPATH\index.php(67): CodeIgniter\CodeIgniter->run()
CRITICAL - 2022-12-20 09:34:59 --> Undefined variable $row
in APPPATH\Views\pages\Booking.php on line 10.
 1 APPPATH\Views\pages\Booking.php(10): CodeIgniter\Debug\Exceptions->errorHandler(2, 'Undefined variable $row', 'APPPATH\\Views\\pages\\Booking.php', 10)
 2 SYSTEMPATH\View\View.php(213): include('APPPATH\\Views\\pages\\Booking.php')
 3 SYSTEMPATH\View\View.php(216): CodeIgniter\View\View->CodeIgniter\View\{closure}()
 4 SYSTEMPATH\Common.php(1134): CodeIgniter\View\View->render('pages/Booking', [], true)
 5 APPPATH\Controllers\Booking.php(34): view('pages/Booking', [...])
 6 SYSTEMPATH\CodeIgniter.php(927): App\Controllers\Booking->booking()
 7 SYSTEMPATH\CodeIgniter.php(482): CodeIgniter\CodeIgniter->runController(Object(App\Controllers\Booking))
 8 SYSTEMPATH\CodeIgniter.php(351): CodeIgniter\CodeIgniter->handleRequest(null, Object(Config\Cache), false)
 9 FCPATH\index.php(67): CodeIgniter\CodeIgniter->run()
CRITICAL - 2022-12-20 09:35:02 --> Undefined variable $row
in APPPATH\Views\pages\Booking.php on line 10.
 1 APPPATH\Views\pages\Booking.php(10): CodeIgniter\Debug\Exceptions->errorHandler(2, 'Undefined variable $row', 'APPPATH\\Views\\pages\\Booking.php', 10)
 2 SYSTEMPATH\View\View.php(213): include('APPPATH\\Views\\pages\\Booking.php')
 3 SYSTEMPATH\View\View.php(216): CodeIgniter\View\View->CodeIgniter\View\{closure}()
 4 SYSTEMPATH\Common.php(1134): CodeIgniter\View\View->render('pages/Booking', [], true)
 5 APPPATH\Controllers\Booking.php(34): view('pages/Booking', [...])
 6 SYSTEMPATH\CodeIgniter.php(927): App\Controllers\Booking->booking()
 7 SYSTEMPATH\CodeIgniter.php(482): CodeIgniter\CodeIgniter->runController(Object(App\Controllers\Booking))
 8 SYSTEMPATH\CodeIgniter.php(351): CodeIgniter\CodeIgniter->handleRequest(null, Object(Config\Cache), false)
 9 FCPATH\index.php(67): CodeIgniter\CodeIgniter->run()
CRITICAL - 2022-12-20 09:35:04 --> Undefined variable $row
in APPPATH\Views\pages\Booking.php on line 10.
 1 APPPATH\Views\pages\Booking.php(10): CodeIgniter\Debug\Exceptions->errorHandler(2, 'Undefined variable $row', 'APPPATH\\Views\\pages\\Booking.php', 10)
 2 SYSTEMPATH\View\View.php(213): include('APPPATH\\Views\\pages\\Booking.php')
 3 SYSTEMPATH\View\View.php(216): CodeIgniter\View\View->CodeIgniter\View\{closure}()
 4 SYSTEMPATH\Common.php(1134): CodeIgniter\View\View->render('pages/Booking', [], true)
 5 APPPATH\Controllers\Booking.php(34): view('pages/Booking', [...])
 6 SYSTEMPATH\CodeIgniter.php(927): App\Controllers\Booking->booking()
 7 SYSTEMPATH\CodeIgniter.php(482): CodeIgniter\CodeIgniter->runController(Object(App\Controllers\Booking))
 8 SYSTEMPATH\CodeIgniter.php(351): CodeIgniter\CodeIgniter->handleRequest(null, Object(Config\Cache), false)
 9 FCPATH\index.php(67): CodeIgniter\CodeIgniter->run()
CRITICAL - 2022-12-20 09:50:49 --> Undefined array key "id_layanan"
in APPPATH\Views\pages\Booking.php on line 11.
 1 APPPATH\Views\pages\Booking.php(11): CodeIgniter\Debug\Exceptions->errorHandler(2, 'Undefined array key "id_layanan"', 'APPPATH\\Views\\pages\\Booking.php', 11)
 2 SYSTEMPATH\View\View.php(213): include('APPPATH\\Views\\pages\\Booking.php')
 3 SYSTEMPATH\View\View.php(216): CodeIgniter\View\View->CodeIgniter\View\{closure}()
 4 SYSTEMPATH\Common.php(1134): CodeIgniter\View\View->render('pages/Booking', [], true)
 5 APPPATH\Controllers\Booking.php(34): view('pages/Booking', [...])
 6 SYSTEMPATH\CodeIgniter.php(927): App\Controllers\Booking->booking()
 7 SYSTEMPATH\CodeIgniter.php(482): CodeIgniter\CodeIgniter->runController(Object(App\Controllers\Booking))
 8 SYSTEMPATH\CodeIgniter.php(351): CodeIgniter\CodeIgniter->handleRequest(null, Object(Config\Cache), false)
 9 FCPATH\index.php(67): CodeIgniter\CodeIgniter->run()
CRITICAL - 2022-12-20 09:52:43 --> Undefined variable $row
in APPPATH\Views\pages\Booking.php on line 11.
 1 APPPATH\Views\pages\Booking.php(11): CodeIgniter\Debug\Exceptions->errorHandler(2, 'Undefined variable $row', 'APPPATH\\Views\\pages\\Booking.php', 11)
 2 SYSTEMPATH\View\View.php(213): include('APPPATH\\Views\\pages\\Booking.php')
 3 SYSTEMPATH\View\View.php(216): CodeIgniter\View\View->CodeIgniter\View\{closure}()
 4 SYSTEMPATH\Common.php(1134): CodeIgniter\View\View->render('pages/Booking', [], true)
 5 APPPATH\Controllers\Booking.php(34): view('pages/Booking', [...])
 6 SYSTEMPATH\CodeIgniter.php(927): App\Controllers\Booking->booking()
 7 SYSTEMPATH\CodeIgniter.php(482): CodeIgniter\CodeIgniter->runController(Object(App\Controllers\Booking))
 8 SYSTEMPATH\CodeIgniter.php(351): CodeIgniter\CodeIgniter->handleRequest(null, Object(Config\Cache), false)
 9 FCPATH\index.php(67): CodeIgniter\CodeIgniter->run()
CRITICAL - 2022-12-20 09:59:13 --> Undefined variable $row
in APPPATH\Views\pages\Booking.php on line 11.
 1 APPPATH\Views\pages\Booking.php(11): CodeIgniter\Debug\Exceptions->errorHandler(2, 'Undefined variable $row', 'APPPATH\\Views\\pages\\Booking.php', 11)
 2 SYSTEMPATH\View\View.php(213): include('APPPATH\\Views\\pages\\Booking.php')
 3 SYSTEMPATH\View\View.php(216): CodeIgniter\View\View->CodeIgniter\View\{closure}()
 4 SYSTEMPATH\Common.php(1134): CodeIgniter\View\View->render('pages/Booking', [], true)
 5 APPPATH\Controllers\Booking.php(34): view('pages/Booking', [...])
 6 SYSTEMPATH\CodeIgniter.php(927): App\Controllers\Booking->booking()
 7 SYSTEMPATH\CodeIgniter.php(482): CodeIgniter\CodeIgniter->runController(Object(App\Controllers\Booking))
 8 SYSTEMPATH\CodeIgniter.php(351): CodeIgniter\CodeIgniter->handleRequest(null, Object(Config\Cache), false)
 9 FCPATH\index.php(67): CodeIgniter\CodeIgniter->run()
CRITICAL - 2022-12-20 10:04:06 --> Undefined array key "Nama_layanan"
in APPPATH\Views\pages\Booking.php on line 11.
 1 APPPATH\Views\pages\Booking.php(11): CodeIgniter\Debug\Exceptions->errorHandler(2, 'Undefined array key "Nama_layanan"', 'APPPATH\\Views\\pages\\Booking.php', 11)
 2 SYSTEMPATH\View\View.php(213): include('APPPATH\\Views\\pages\\Booking.php')
 3 SYSTEMPATH\View\View.php(216): CodeIgniter\View\View->CodeIgniter\View\{closure}()
 4 SYSTEMPATH\Common.php(1134): CodeIgniter\View\View->render('pages/Booking', [], true)
 5 APPPATH\Controllers\Booking.php(34): view('pages/Booking', [...])
 6 SYSTEMPATH\CodeIgniter.php(927): App\Controllers\Booking->booking()
 7 SYSTEMPATH\CodeIgniter.php(482): CodeIgniter\CodeIgniter->runController(Object(App\Controllers\Booking))
 8 SYSTEMPATH\CodeIgniter.php(351): CodeIgniter\CodeIgniter->handleRequest(null, Object(Config\Cache), false)
 9 FCPATH\index.php(67): CodeIgniter\CodeIgniter->run()
CRITICAL - 2022-12-20 10:05:04 --> Undefined array key "id_layanan"
in APPPATH\Views\pages\Booking.php on line 11.
 1 APPPATH\Views\pages\Booking.php(11): CodeIgniter\Debug\Exceptions->errorHandler(2, 'Undefined array key "id_layanan"', 'APPPATH\\Views\\pages\\Booking.php', 11)
 2 SYSTEMPATH\View\View.php(213): include('APPPATH\\Views\\pages\\Booking.php')
 3 SYSTEMPATH\View\View.php(216): CodeIgniter\View\View->CodeIgniter\View\{closure}()
 4 SYSTEMPATH\Common.php(1134): CodeIgniter\View\View->render('pages/Booking', [], true)
 5 APPPATH\Controllers\Booking.php(34): view('pages/Booking', [...])
 6 SYSTEMPATH\CodeIgniter.php(927): App\Controllers\Booking->booking()
 7 SYSTEMPATH\CodeIgniter.php(482): CodeIgniter\CodeIgniter->runController(Object(App\Controllers\Booking))
 8 SYSTEMPATH\CodeIgniter.php(351): CodeIgniter\CodeIgniter->handleRequest(null, Object(Config\Cache), false)
 9 FCPATH\index.php(67): CodeIgniter\CodeIgniter->run()
CRITICAL - 2022-12-20 10:05:50 --> Undefined array key "id_layanan"
in APPPATH\Views\pages\Booking.php on line 11.
 1 APPPATH\Views\pages\Booking.php(11): CodeIgniter\Debug\Exceptions->errorHandler(2, 'Undefined array key "id_layanan"', 'APPPATH\\Views\\pages\\Booking.php', 11)
 2 SYSTEMPATH\View\View.php(213): include('APPPATH\\Views\\pages\\Booking.php')
 3 SYSTEMPATH\View\View.php(216): CodeIgniter\View\View->CodeIgniter\View\{closure}()
 4 SYSTEMPATH\Common.php(1134): CodeIgniter\View\View->render('pages/Booking', [], true)
 5 APPPATH\Controllers\Booking.php(34): view('pages/Booking', [...])
 6 SYSTEMPATH\CodeIgniter.php(927): App\Controllers\Booking->booking()
 7 SYSTEMPATH\CodeIgniter.php(482): CodeIgniter\CodeIgniter->runController(Object(App\Controllers\Booking))
 8 SYSTEMPATH\CodeIgniter.php(351): CodeIgniter\CodeIgniter->handleRequest(null, Object(Config\Cache), false)
 9 FCPATH\index.php(67): CodeIgniter\CodeIgniter->run()
CRITICAL - 2022-12-20 10:05:50 --> Undefined array key "id_layanan"
in APPPATH\Views\pages\Booking.php on line 11.
 1 APPPATH\Views\pages\Booking.php(11): CodeIgniter\Debug\Exceptions->errorHandler(2, 'Undefined array key "id_layanan"', 'APPPATH\\Views\\pages\\Booking.php', 11)
 2 SYSTEMPATH\View\View.php(213): include('APPPATH\\Views\\pages\\Booking.php')
 3 SYSTEMPATH\View\View.php(216): CodeIgniter\View\View->CodeIgniter\View\{closure}()
 4 SYSTEMPATH\Common.php(1134): CodeIgniter\View\View->render('pages/Booking', [], true)
 5 APPPATH\Controllers\Booking.php(34): view('pages/Booking', [...])
 6 SYSTEMPATH\CodeIgniter.php(927): App\Controllers\Booking->booking()
 7 SYSTEMPATH\CodeIgniter.php(482): CodeIgniter\CodeIgniter->runController(Object(App\Controllers\Booking))
 8 SYSTEMPATH\CodeIgniter.php(351): CodeIgniter\CodeIgniter->handleRequest(null, Object(Config\Cache), false)
 9 FCPATH\index.php(67): CodeIgniter\CodeIgniter->run()
CRITICAL - 2022-12-20 10:05:51 --> Undefined array key "id_layanan"
in APPPATH\Views\pages\Booking.php on line 11.
 1 APPPATH\Views\pages\Booking.php(11): CodeIgniter\Debug\Exceptions->errorHandler(2, 'Undefined array key "id_layanan"', 'APPPATH\\Views\\pages\\Booking.php', 11)
 2 SYSTEMPATH\View\View.php(213): include('APPPATH\\Views\\pages\\Booking.php')
 3 SYSTEMPATH\View\View.php(216): CodeIgniter\View\View->CodeIgniter\View\{closure}()
 4 SYSTEMPATH\Common.php(1134): CodeIgniter\View\View->render('pages/Booking', [], true)
 5 APPPATH\Controllers\Booking.php(34): view('pages/Booking', [...])
 6 SYSTEMPATH\CodeIgniter.php(927): App\Controllers\Booking->booking()
 7 SYSTEMPATH\CodeIgniter.php(482): CodeIgniter\CodeIgniter->runController(Object(App\Controllers\Booking))
 8 SYSTEMPATH\CodeIgniter.php(351): CodeIgniter\CodeIgniter->handleRequest(null, Object(Config\Cache), false)
 9 FCPATH\index.php(67): CodeIgniter\CodeIgniter->run()
CRITICAL - 2022-12-20 10:08:04 --> Undefined array key "harga_layanan"
in APPPATH\Views\pages\KonfirmasiBook.php on line 42.
 1 APPPATH\Views\pages\KonfirmasiBook.php(42): CodeIgniter\Debug\Exceptions->errorHandler(2, 'Undefined array key "harga_layanan"', 'APPPATH\\Views\\pages\\KonfirmasiBook.php', 42)
 2 SYSTEMPATH\View\View.php(213): include('APPPATH\\Views\\pages\\KonfirmasiBook.php')
 3 SYSTEMPATH\View\View.php(216): CodeIgniter\View\View->CodeIgniter\View\{closure}()
 4 SYSTEMPATH\Common.php(1134): CodeIgniter\View\View->render('/pages/KonfirmasiBook', [], true)
 5 APPPATH\Controllers\Booking.php(49): view('/pages/KonfirmasiBook', [...])
 6 SYSTEMPATH\CodeIgniter.php(927): App\Controllers\Booking->konfirmasiBook()
 7 SYSTEMPATH\CodeIgniter.php(482): CodeIgniter\CodeIgniter->runController(Object(App\Controllers\Booking))
 8 SYSTEMPATH\CodeIgniter.php(351): CodeIgniter\CodeIgniter->handleRequest(null, Object(Config\Cache), false)
 9 FCPATH\index.php(67): CodeIgniter\CodeIgniter->run()
CRITICAL - 2022-12-20 10:08:15 --> Undefined array key "harga"
in APPPATH\Views\pages\KonfirmasiBook.php on line 42.
 1 APPPATH\Views\pages\KonfirmasiBook.php(42): CodeIgniter\Debug\Exceptions->errorHandler(2, 'Undefined array key "harga"', 'APPPATH\\Views\\pages\\KonfirmasiBook.php', 42)
 2 SYSTEMPATH\View\View.php(213): include('APPPATH\\Views\\pages\\KonfirmasiBook.php')
 3 SYSTEMPATH\View\View.php(216): CodeIgniter\View\View->CodeIgniter\View\{closure}()
 4 SYSTEMPATH\Common.php(1134): CodeIgniter\View\View->render('/pages/KonfirmasiBook', [], true)
 5 APPPATH\Controllers\Booking.php(49): view('/pages/KonfirmasiBook', [...])
 6 SYSTEMPATH\CodeIgniter.php(927): App\Controllers\Booking->konfirmasiBook()
 7 SYSTEMPATH\CodeIgniter.php(482): CodeIgniter\CodeIgniter->runController(Object(App\Controllers\Booking))
 8 SYSTEMPATH\CodeIgniter.php(351): CodeIgniter\CodeIgniter->handleRequest(null, Object(Config\Cache), false)
 9 FCPATH\index.php(67): CodeIgniter\CodeIgniter->run()
CRITICAL - 2022-12-20 10:08:16 --> Undefined array key "harga"
in APPPATH\Views\pages\KonfirmasiBook.php on line 42.
 1 APPPATH\Views\pages\KonfirmasiBook.php(42): CodeIgniter\Debug\Exceptions->errorHandler(2, 'Undefined array key "harga"', 'APPPATH\\Views\\pages\\KonfirmasiBook.php', 42)
 2 SYSTEMPATH\View\View.php(213): include('APPPATH\\Views\\pages\\KonfirmasiBook.php')
 3 SYSTEMPATH\View\View.php(216): CodeIgniter\View\View->CodeIgniter\View\{closure}()
 4 SYSTEMPATH\Common.php(1134): CodeIgniter\View\View->render('/pages/KonfirmasiBook', [], true)
 5 APPPATH\Controllers\Booking.php(49): view('/pages/KonfirmasiBook', [...])
 6 SYSTEMPATH\CodeIgniter.php(927): App\Controllers\Booking->konfirmasiBook()
 7 SYSTEMPATH\CodeIgniter.php(482): CodeIgniter\CodeIgniter->runController(Object(App\Controllers\Booking))
 8 SYSTEMPATH\CodeIgniter.php(351): CodeIgniter\CodeIgniter->handleRequest(null, Object(Config\Cache), false)
 9 FCPATH\index.php(67): CodeIgniter\CodeIgniter->run()
ERROR - 2022-12-20 10:49:00 --> mysqli_sql_exception: Unknown column 'id' in 'where clause' in C:\xampp\htdocs\SalonUngu\system\Database\MySQLi\Connection.php:292
Stack trace:
#0 C:\xampp\htdocs\SalonUngu\system\Database\MySQLi\Connection.php(292): mysqli->query('UPDATE booking ...', 0)
#1 C:\xampp\htdocs\SalonUngu\system\Database\BaseConnection.php(666): CodeIgniter\Database\MySQLi\Connection->execute('UPDATE booking ...')
#2 C:\xampp\htdocs\SalonUngu\system\Database\BaseConnection.php(593): CodeIgniter\Database\BaseConnection->simpleQuery('UPDATE booking ...')
#3 C:\xampp\htdocs\SalonUngu\app\Models\PenggunaModel.php(158): CodeIgniter\Database\BaseConnection->query('UPDATE booking ...')
#4 C:\xampp\htdocs\SalonUngu\app\Controllers\Booking.php(55): App\Models\PenggunaModel->insertkonfirmasi()
#5 C:\xampp\htdocs\SalonUngu\system\CodeIgniter.php(927): App\Controllers\Booking->terkonfirmasi()
#6 C:\xampp\htdocs\SalonUngu\system\CodeIgniter.php(482): CodeIgniter\CodeIgniter->runController(Object(App\Controllers\Booking))
#7 C:\xampp\htdocs\SalonUngu\system\CodeIgniter.php(351): CodeIgniter\CodeIgniter->handleRequest(NULL, Object(Config\Cache), false)
#8 C:\xampp\htdocs\SalonUngu\index.php(67): CodeIgniter\CodeIgniter->run()
#9 {main}
CRITICAL - 2022-12-20 10:49:00 --> Unknown column 'id' in 'where clause'
in SYSTEMPATH\Database\MySQLi\Connection.php on line 292.
 1 SYSTEMPATH\Database\MySQLi\Connection.php(292): mysqli->query('UPDATE booking SET Status_booking=\'Terkonfirmasi\' WHERE id=\'76\'', 0)
 2 SYSTEMPATH\Database\BaseConnection.php(666): CodeIgniter\Database\MySQLi\Connection->execute('UPDATE booking SET Status_booking=\'Terkonfirmasi\' WHERE id=\'76\'')
 3 SYSTEMPATH\Database\BaseConnection.php(593): CodeIgniter\Database\BaseConnection->simpleQuery('UPDATE booking SET Status_booking=\'Terkonfirmasi\' WHERE id=\'76\'')
 4 APPPATH\Models\PenggunaModel.php(158): CodeIgniter\Database\BaseConnection->query('UPDATE booking SET Status_booking=\'Terkonfirmasi\' WHERE id=\'76\'')
 5 APPPATH\Controllers\Booking.php(55): App\Models\PenggunaModel->insertkonfirmasi()
 6 SYSTEMPATH\CodeIgniter.php(927): App\Controllers\Booking->terkonfirmasi()
 7 SYSTEMPATH\CodeIgniter.php(482): CodeIgniter\CodeIgniter->runController(Object(App\Controllers\Booking))
 8 SYSTEMPATH\CodeIgniter.php(351): CodeIgniter\CodeIgniter->handleRequest(null, Object(Config\Cache), false)
 9 FCPATH\index.php(67): CodeIgniter\CodeIgniter->run()
CRITICAL - 2022-12-20 11:06:03 --> You must set the database table to be used with your query.
in SYSTEMPATH\Database\BaseConnection.php on line 845.
 1 SYSTEMPATH\Model.php(587): CodeIgniter\Database\BaseConnection->table(null)
 2 SYSTEMPATH\Model.php(764): CodeIgniter\Model->builder()
 3 APPPATH\Controllers\Booking.php(60): CodeIgniter\Model->__call('insertbatalkan', [])
 4 SYSTEMPATH\CodeIgniter.php(927): App\Controllers\Booking->dibatalkan()
 5 SYSTEMPATH\CodeIgniter.php(482): CodeIgniter\CodeIgniter->runController(Object(App\Controllers\Booking))
 6 SYSTEMPATH\CodeIgniter.php(351): CodeIgniter\CodeIgniter->handleRequest(null, Object(Config\Cache), false)
 7 FCPATH\index.php(67): CodeIgniter\CodeIgniter->run()
CRITICAL - 2022-12-20 11:06:16 --> You must set the database table to be used with your query.
in SYSTEMPATH\Database\BaseConnection.php on line 845.
 1 SYSTEMPATH\Model.php(587): CodeIgniter\Database\BaseConnection->table(null)
 2 SYSTEMPATH\Model.php(764): CodeIgniter\Model->builder()
 3 APPPATH\Controllers\Booking.php(60): CodeIgniter\Model->__call('insertbatalkan', [])
 4 SYSTEMPATH\CodeIgniter.php(927): App\Controllers\Booking->dibatalkan()
 5 SYSTEMPATH\CodeIgniter.php(482): CodeIgniter\CodeIgniter->runController(Object(App\Controllers\Booking))
 6 SYSTEMPATH\CodeIgniter.php(351): CodeIgniter\CodeIgniter->handleRequest(null, Object(Config\Cache), false)
 7 FCPATH\index.php(67): CodeIgniter\CodeIgniter->run()
CRITICAL - 2022-12-20 11:12:52 --> Undefined array key 0
in APPPATH\Views\pages\KonfirmasiBook.php on line 20.
 1 APPPATH\Views\pages\KonfirmasiBook.php(20): CodeIgniter\Debug\Exceptions->errorHandler(2, 'Undefined array key 0', 'APPPATH\\Views\\pages\\KonfirmasiBook.php', 20)
 2 SYSTEMPATH\View\View.php(213): include('APPPATH\\Views\\pages\\KonfirmasiBook.php')
 3 SYSTEMPATH\View\View.php(216): CodeIgniter\View\View->CodeIgniter\View\{closure}()
 4 SYSTEMPATH\Common.php(1134): CodeIgniter\View\View->render('/pages/KonfirmasiBook', [], true)
 5 APPPATH\Controllers\Booking.php(50): view('/pages/KonfirmasiBook', [...])
 6 SYSTEMPATH\CodeIgniter.php(927): App\Controllers\Booking->konfirmasiBook()
 7 SYSTEMPATH\CodeIgniter.php(482): CodeIgniter\CodeIgniter->runController(Object(App\Controllers\Booking))
 8 SYSTEMPATH\CodeIgniter.php(351): CodeIgniter\CodeIgniter->handleRequest(null, Object(Config\Cache), false)
 9 FCPATH\index.php(67): CodeIgniter\CodeIgniter->run()
CRITICAL - 2022-12-20 11:16:20 --> Undefined variable $login_status
in APPPATH\Views\pages\Booking.php on line 15.
 1 APPPATH\Views\pages\Booking.php(15): CodeIgniter\Debug\Exceptions->errorHandler(2, 'Undefined variable $login_status', 'APPPATH\\Views\\pages\\Booking.php', 15)
 2 SYSTEMPATH\View\View.php(213): include('APPPATH\\Views\\pages\\Booking.php')
 3 SYSTEMPATH\View\View.php(216): CodeIgniter\View\View->CodeIgniter\View\{closure}()
 4 SYSTEMPATH\Common.php(1134): CodeIgniter\View\View->render('pages/Booking', [], true)
 5 APPPATH\Controllers\Booking.php(63): view('pages/Booking')
 6 SYSTEMPATH\CodeIgniter.php(927): App\Controllers\Booking->dibatalkan()
 7 SYSTEMPATH\CodeIgniter.php(482): CodeIgniter\CodeIgniter->runController(Object(App\Controllers\Booking))
 8 SYSTEMPATH\CodeIgniter.php(351): CodeIgniter\CodeIgniter->handleRequest(null, Object(Config\Cache), false)
 9 FCPATH\index.php(67): CodeIgniter\CodeIgniter->run()
CRITICAL - 2022-12-20 11:16:31 --> Undefined variable $title
in APPPATH\Views\layout\template.php on line 8.
 1 APPPATH\Views\layout\template.php(8): CodeIgniter\Debug\Exceptions->errorHandler(2, 'Undefined variable $title', 'APPPATH\\Views\\layout\\template.php', 8)
 2 SYSTEMPATH\View\View.php(213): include('APPPATH\\Views\\layout\\template.php')
 3 SYSTEMPATH\View\View.php(216): CodeIgniter\View\View->CodeIgniter\View\{closure}()
 4 SYSTEMPATH\View\View.php(229): CodeIgniter\View\View->render('/layout/template', [], true)
 5 SYSTEMPATH\Common.php(1134): CodeIgniter\View\View->render('pages/Beranda', [], true)
 6 APPPATH\Controllers\Booking.php(56): view('pages/Beranda')
 7 SYSTEMPATH\CodeIgniter.php(927): App\Controllers\Booking->terkonfirmasi()
 8 SYSTEMPATH\CodeIgniter.php(482): CodeIgniter\CodeIgniter->runController(Object(App\Controllers\Booking))
 9 SYSTEMPATH\CodeIgniter.php(351): CodeIgniter\CodeIgniter->handleRequest(null, Object(Config\Cache), false)
10 FCPATH\index.php(67): CodeIgniter\CodeIgniter->run()
ERROR - 2022-12-20 20:30:54 --> mysqli_sql_exception: MySQL server has gone away in C:\xampp\htdocs\SalonUngu\system\Database\MySQLi\Connection.php:292
Stack trace:
#0 C:\xampp\htdocs\SalonUngu\system\Database\MySQLi\Connection.php(292): mysqli->query('SELECT * FROM p...', 0)
#1 C:\xampp\htdocs\SalonUngu\system\Database\BaseConnection.php(666): CodeIgniter\Database\MySQLi\Connection->execute('SELECT * FROM p...')
#2 C:\xampp\htdocs\SalonUngu\system\Database\BaseConnection.php(593): CodeIgniter\Database\BaseConnection->simpleQuery('SELECT * FROM p...')
#3 C:\xampp\htdocs\SalonUngu\app\Models\PenggunaModel.php(28): CodeIgniter\Database\BaseConnection->query('SELECT * FROM p...')
#4 C:\xampp\htdocs\SalonUngu\app\Controllers\Login.php(35): App\Models\PenggunaModel->cekLogin()
#5 C:\xampp\htdocs\SalonUngu\system\CodeIgniter.php(927): App\Controllers\Login->login_aksi()
#6 C:\xampp\htdocs\SalonUngu\system\CodeIgniter.php(482): CodeIgniter\CodeIgniter->runController(Object(App\Controllers\Login))
#7 C:\xampp\htdocs\SalonUngu\system\CodeIgniter.php(351): CodeIgniter\CodeIgniter->handleRequest(NULL, Object(Config\Cache), false)
#8 C:\xampp\htdocs\SalonUngu\index.php(67): CodeIgniter\CodeIgniter->run()
#9 {main}
CRITICAL - 2022-12-20 20:30:54 --> MySQL server has gone away
in SYSTEMPATH\Database\MySQLi\Connection.php on line 292.
 1 SYSTEMPATH\Database\MySQLi\Connection.php(292): mysqli->query('SELECT * FROM pelanggan WHERE Nama_pelanggan=\'Rafif\' AND password=\'12345\'', 0)
 2 SYSTEMPATH\Database\BaseConnection.php(666): CodeIgniter\Database\MySQLi\Connection->execute('SELECT * FROM pelanggan WHERE Nama_pelanggan=\'Rafif\' AND password=\'12345\'')
 3 SYSTEMPATH\Database\BaseConnection.php(593): CodeIgniter\Database\BaseConnection->simpleQuery('SELECT * FROM pelanggan WHERE Nama_pelanggan=\'Rafif\' AND password=\'12345\'')
 4 APPPATH\Models\PenggunaModel.php(28): CodeIgniter\Database\BaseConnection->query('SELECT * FROM pelanggan WHERE Nama_pelanggan=\'Rafif\' AND password=\'12345\'')
 5 APPPATH\Controllers\Login.php(35): App\Models\PenggunaModel->cekLogin()
 6 SYSTEMPATH\CodeIgniter.php(927): App\Controllers\Login->login_aksi()
 7 SYSTEMPATH\CodeIgniter.php(482): CodeIgniter\CodeIgniter->runController(Object(App\Controllers\Login))
 8 SYSTEMPATH\CodeIgniter.php(351): CodeIgniter\CodeIgniter->handleRequest(null, Object(Config\Cache), false)
 9 FCPATH\index.php(67): CodeIgniter\CodeIgniter->run()
CRITICAL - 2022-12-20 20:38:30 --> Undefined array key "id_layanan"
in APPPATH\Views\pages\Booking.php on line 11.
 1 APPPATH\Views\pages\Booking.php(11): CodeIgniter\Debug\Exceptions->errorHandler(2, 'Undefined array key "id_layanan"', 'APPPATH\\Views\\pages\\Booking.php', 11)
 2 SYSTEMPATH\View\View.php(213): include('APPPATH\\Views\\pages\\Booking.php')
 3 SYSTEMPATH\View\View.php(216): CodeIgniter\View\View->CodeIgniter\View\{closure}()
 4 SYSTEMPATH\Common.php(1134): CodeIgniter\View\View->render('pages/Booking', [], true)
 5 APPPATH\Controllers\Booking.php(34): view('pages/Booking', [...])
 6 SYSTEMPATH\CodeIgniter.php(927): App\Controllers\Booking->booking()
 7 SYSTEMPATH\CodeIgniter.php(482): CodeIgniter\CodeIgniter->runController(Object(App\Controllers\Booking))
 8 SYSTEMPATH\CodeIgniter.php(351): CodeIgniter\CodeIgniter->handleRequest(null, Object(Config\Cache), false)
 9 FCPATH\index.php(67): CodeIgniter\CodeIgniter->run()
CRITICAL - 2022-12-20 20:38:59 --> Undefined variable $row
in APPPATH\Views\pages\Booking.php on line 11.
 1 APPPATH\Views\pages\Booking.php(11): CodeIgniter\Debug\Exceptions->errorHandler(2, 'Undefined variable $row', 'APPPATH\\Views\\pages\\Booking.php', 11)
 2 SYSTEMPATH\View\View.php(213): include('APPPATH\\Views\\pages\\Booking.php')
 3 SYSTEMPATH\View\View.php(216): CodeIgniter\View\View->CodeIgniter\View\{closure}()
 4 SYSTEMPATH\Common.php(1134): CodeIgniter\View\View->render('pages/Booking', [], true)
 5 APPPATH\Controllers\Booking.php(34): view('pages/Booking', [...])
 6 SYSTEMPATH\CodeIgniter.php(927): App\Controllers\Booking->booking()
 7 SYSTEMPATH\CodeIgniter.php(482): CodeIgniter\CodeIgniter->runController(Object(App\Controllers\Booking))
 8 SYSTEMPATH\CodeIgniter.php(351): CodeIgniter\CodeIgniter->handleRequest(null, Object(Config\Cache), false)
 9 FCPATH\index.php(67): CodeIgniter\CodeIgniter->run()
CRITICAL - 2022-12-20 20:41:41 --> Undefined array key "id_layanans"
in APPPATH\Views\pages\Booking.php on line 11.
 1 APPPATH\Views\pages\Booking.php(11): CodeIgniter\Debug\Exceptions->errorHandler(2, 'Undefined array key "id_layanans"', 'APPPATH\\Views\\pages\\Booking.php', 11)
 2 SYSTEMPATH\View\View.php(213): include('APPPATH\\Views\\pages\\Booking.php')
 3 SYSTEMPATH\View\View.php(216): CodeIgniter\View\View->CodeIgniter\View\{closure}()
 4 SYSTEMPATH\Common.php(1134): CodeIgniter\View\View->render('pages/Booking', [], true)
 5 APPPATH\Controllers\Booking.php(34): view('pages/Booking', [...])
 6 SYSTEMPATH\CodeIgniter.php(927): App\Controllers\Booking->booking()
 7 SYSTEMPATH\CodeIgniter.php(482): CodeIgniter\CodeIgniter->runController(Object(App\Controllers\Booking))
 8 SYSTEMPATH\CodeIgniter.php(351): CodeIgniter\CodeIgniter->handleRequest(null, Object(Config\Cache), false)
 9 FCPATH\index.php(67): CodeIgniter\CodeIgniter->run()
CRITICAL - 2022-12-20 20:41:47 --> Undefined array key "id_layanan"
in APPPATH\Views\pages\Booking.php on line 11.
 1 APPPATH\Views\pages\Booking.php(11): CodeIgniter\Debug\Exceptions->errorHandler(2, 'Undefined array key "id_layanan"', 'APPPATH\\Views\\pages\\Booking.php', 11)
 2 SYSTEMPATH\View\View.php(213): include('APPPATH\\Views\\pages\\Booking.php')
 3 SYSTEMPATH\View\View.php(216): CodeIgniter\View\View->CodeIgniter\View\{closure}()
 4 SYSTEMPATH\Common.php(1134): CodeIgniter\View\View->render('pages/Booking', [], true)
 5 APPPATH\Controllers\Booking.php(34): view('pages/Booking', [...])
 6 SYSTEMPATH\CodeIgniter.php(927): App\Controllers\Booking->booking()
 7 SYSTEMPATH\CodeIgniter.php(482): CodeIgniter\CodeIgniter->runController(Object(App\Controllers\Booking))
 8 SYSTEMPATH\CodeIgniter.php(351): CodeIgniter\CodeIgniter->handleRequest(null, Object(Config\Cache), false)
 9 FCPATH\index.php(67): CodeIgniter\CodeIgniter->run()
CRITICAL - 2022-12-20 20:42:19 --> unlink(C:\xampp\htdocs\SalonUngu\writable\debugbar/debugbar_1671563176.650938.json): No such file or directory
in SYSTEMPATH\Debug\Toolbar\Collectors\History.php on line 76.
 1 [internal function]: CodeIgniter\Debug\Exceptions->errorHandler(2, 'unlink(C:\\xampp\\htdocs\\SalonUngu\\writable\\debugbar/debugbar_1671563176.650938.json): No such file or directory', 'SYSTEMPATH\\Debug\\Toolbar\\Collectors\\History.php', 76)
 2 SYSTEMPATH\Debug\Toolbar\Collectors\History.php(76): unlink('FCPATH\\writable\\debugbar/debugbar_1671563176.650938.json')
 3 SYSTEMPATH\Debug\Toolbar.php(500): CodeIgniter\Debug\Toolbar\Collectors\History->setFiles('1671590539.032567', 20)
 4 SYSTEMPATH\Debug\Toolbar.php(477): CodeIgniter\Debug\Toolbar->format([...], 'html')
 5 APPPATH\Config\Events.php(46): CodeIgniter\Debug\Toolbar->respond()
 6 SYSTEMPATH\Events\Events.php(149): CodeIgniter\Events\Events::Config\{closure}()
 7 SYSTEMPATH\CodeIgniter.php(328): CodeIgniter\Events\Events::trigger('pre_system')
 8 FCPATH\index.php(67): CodeIgniter\CodeIgniter->run()
